None
Start:  1429832987176  End:  1429832987210  time:  34
New York Dave is way cooler than brandon
New York
NewYork
StarKat
NYC
Glutenmonster
incil
islam
TribecaFilmFestival
barrysbootcamp
Jobs
Industryfixx
yummo
healthyliving
Queens
Journaling
TFF2015
foodstand
lunch
therapy
day
cmo
AVJobs
KittyLord
yourrealestatematchmaker
Hiring
EartDay2015
AudreyRose
spring
allah
wwe
healthychoices
earth
linestoolong
wasteofmytime
treatyoself
TaxSeason
Job
FREEGS9
IndustryFixx
BabyEdges
awards
Rockleigh
tevrat
kuran
Elkslodge
becauseweneverhowlalone
Repost
Isles
Irresistible
Clerical
impactchampionshipwrestling
DrivingSales
appliances
njla15
ManvsMachine
15YearsTogether
AppleWatch
brand
IFMVideo
ThoughtForTheDay
goals
flowers
ToughEnough
nyceats
Pokerface
movies
Engineering
NIIW
editorial
BlackVortex
TroyAve
roygbiv
fashion
WeAreTennis
healthyeats
BBHMM
zebur
EarthDayEveryDay
CSRchat
Joinme
wcw
darkchocolate
write
wce
NorthBergen
BlackGelBandits
seniorday
WCW
foodporn
models
redcarpet
EarthDay
onhere
UnpopularActionMovies
NettempsJobs
Accounting
NYCmissed
TheWalkingDead
CharlieEngman
San Fran Dave is way cooler than brandon
San Fran
vsphere
Clerical
quake
applewatch
mindfulness
PaloAlto
IoT
sqlserver
RSAC
VeteranJob
MachineLearning
hrtrends
GraphSearch
gigse15
meditation
SiliconValley
resilience
vmware
bayarea
lilmoon
Jobs
Hiring
Sacramento
BeatClubAmerica
bottledwater
mipueblojobs
Job
adoption
Starbucks
WrestleAMovie
TweetMyJobs
circulareconomy
definitiveyes
MLS4Montreal
coop
Diner
SaltedCaramelSquares
zerowaste
fostercare
klutchbeatholla
worker
SugarSelfie
IT
NotTooShabby
PowerOfWomen
bbl
bufferchat
Hospitality
Retail
lilmonkey
earthquake
SantaClara
SanJose
earthday
SanFrancisco
Nursing
keyword
SanMateo
nfl
fb
FluentConf
HRtechnology
SFO
MLSfansSupport4Montreal
jamiswinston
soFia
Vote4Waka
RealEstate
Yosemite
_id Dave is way cooler than brandon
Los Angeles Dave is way cooler than brandon
Los Angeles
BusinessMgmt
jonsnow
sleek
VeteranJob
NoPlaceLikeHome
scaredshitless
unique
Jobs
Reuse
Prop215
LKeysfitness
WindsorHills
Donation
bike
EarthDay2015
Jets
lambsBREATH
coffee
LosAngeles
swca2015
ColoriKitchen
Shades
NationalEarthDay
Bills
pier
PowerBrunchLA
Valencia
earthday
santamonicapier
baking
LRDS
HongKong
newUScitizen
Hiring
Patriots
RescueAnimals
Pharmaceutical
ABC7Eyewitness
iwasThere2
fish
design
familytravel
pielove
lambeculos
cosplay
cooking
foodies
cannabis
Job
hightimesmagazine
cosplayer
educateurselforasksumbody
humpday
pickupyobutts
unstoppable
Open2ideaz
princessleia
LanceKeys
WordsOfWisdom
Politicalgenocide
surfrider
followPatLA
IEcrowd
pasoarecordarte
Carlsbad
farmersmarkets
Yoga
RayBands
RedCross
WeWillNotBeShaken
indoors
KeepItPlayful
Hospitality
Recycle
KitHarrington
Excited
TMSRivieraNayarit
Transportation
Papa
jmshotyou
gradschoolproblems
teamwork
HappyEarthDay
Desert
Dolphins
ORGANIC
SB277
iheartoc
LUFC
economicprofiling
Retail
latergram
goldrushrally
car
Mexico
Engineering
Sponsor
outdoors
PeaceOnEarth
LAProblems
Granada
TweetMyJobs
makeadifference
GMOFREE
TranspoConvoLA
DeathValley
EarthDayEveryDay
PacificOcean
gamechanger
EARTHDAY
wcw
Irvine
starwarscelebration
NewportBeach
SWCVII
localfood
blackswan
transpoconvola
catalog
blood
KeepItCool
bluntwrappers
swca
EarthDay
walk4animals
SanDiego
frontporch
writingobstacles
Reduce
BigBullet
CALED2015
lifeadvice
Powerbodybuilding
doublefeature
Chicago Dave is way cooler than brandon
Chicago
DEQ
TweetMyJobs
iu
housemusicfamily
Montgomery
Plainfield
EarthDayEveryDay
interpreter
facingourfears
Evansson
Jobs
WcW
ProudCrowd
Cowspiracy
Job
mymedicine
chicagogirl
bilingual
Manufacturing
hpm
mygiftofgrace
Morris
Retail
EarthDay
deephouse
CustomerService
People
MI
housemusic
Hiring
Accounting
Naperville
New York Dave is way cooler than brandon
New York
NewYork
StarKat
NYC
Glutenmonster
incil
islam
TribecaFilmFestival
barrysbootcamp
Jobs
Industryfixx
yummo
healthyliving
Queens
Journaling
TFF2015
foodstand
lunch
therapy
day
cmo
AVJobs
KittyLord
yourrealestatematchmaker
Hiring
EartDay2015
AudreyRose
spring
allah
wwe
healthychoices
earth
linestoolong
wasteofmytime
treatyoself
TaxSeason
Job
FREEGS9
IndustryFixx
BabyEdges
awards
Rockleigh
tevrat
kuran
Elkslodge
becauseweneverhowlalone
Repost
Isles
Irresistible
Clerical
impactchampionshipwrestling
DrivingSales
appliances
njla15
ManvsMachine
15YearsTogether
AppleWatch
brand
IFMVideo
ThoughtForTheDay
goals
flowers
ToughEnough
nyceats
Pokerface
movies
Engineering
NIIW
editorial
BlackVortex
TroyAve
roygbiv
fashion
WeAreTennis
healthyeats
BBHMM
zebur
EarthDayEveryDay
CSRchat
Joinme
wcw
darkchocolate
write
wce
NorthBergen
BlackGelBandits
seniorday
WCW
foodporn
models
redcarpet
EarthDay
onhere
UnpopularActionMovies
NettempsJobs
Accounting
NYCmissed
TheWalkingDead
CharlieEngman
San Fran Dave is way cooler than brandon
San Fran
vsphere
Clerical
quake
applewatch
mindfulness
PaloAlto
IoT
sqlserver
RSAC
VeteranJob
MachineLearning
hrtrends
GraphSearch
gigse15
meditation
SiliconValley
resilience
vmware
bayarea
lilmoon
Jobs
Hiring
Sacramento
BeatClubAmerica
bottledwater
mipueblojobs
Job
adoption
Starbucks
WrestleAMovie
TweetMyJobs
circulareconomy
definitiveyes
MLS4Montreal
coop
Diner
SaltedCaramelSquares
zerowaste
fostercare
klutchbeatholla
worker
SugarSelfie
IT
NotTooShabby
PowerOfWomen
bbl
bufferchat
Hospitality
Retail
lilmonkey
earthquake
SantaClara
SanJose
earthday
SanFrancisco
Nursing
keyword
SanMateo
nfl
fb
FluentConf
HRtechnology
SFO
MLSfansSupport4Montreal
jamiswinston
soFia
Vote4Waka
RealEstate
Yosemite
_id Dave is way cooler than brandon
Los Angeles Dave is way cooler than brandon
Los Angeles
BusinessMgmt
jonsnow
sleek
VeteranJob
NoPlaceLikeHome
scaredshitless
unique
Jobs
Reuse
Prop215
LKeysfitness
WindsorHills
Donation
bike
EarthDay2015
Jets
lambsBREATH
coffee
LosAngeles
swca2015
ColoriKitchen
Shades
NationalEarthDay
Bills
pier
PowerBrunchLA
Valencia
earthday
santamonicapier
baking
LRDS
HongKong
newUScitizen
Hiring
Patriots
RescueAnimals
Pharmaceutical
ABC7Eyewitness
iwasThere2
fish
design
familytravel
pielove
lambeculos
cosplay
cooking
foodies
cannabis
Job
hightimesmagazine
cosplayer
educateurselforasksumbody
humpday
pickupyobutts
unstoppable
Open2ideaz
princessleia
LanceKeys
WordsOfWisdom
Politicalgenocide
surfrider
followPatLA
IEcrowd
pasoarecordarte
Carlsbad
farmersmarkets
Yoga
RayBands
RedCross
WeWillNotBeShaken
indoors
KeepItPlayful
Hospitality
Recycle
KitHarrington
Excited
TMSRivieraNayarit
Transportation
Papa
jmshotyou
gradschoolproblems
teamwork
HappyEarthDay
Desert
Dolphins
ORGANIC
SB277
iheartoc
LUFC
economicprofiling
Retail
latergram
goldrushrally
car
Mexico
Engineering
Sponsor
outdoors
PeaceOnEarth
LAProblems
Granada
TweetMyJobs
makeadifference
GMOFREE
TranspoConvoLA
DeathValley
EarthDayEveryDay
PacificOcean
gamechanger
EARTHDAY
wcw
Irvine
starwarscelebration
NewportBeach
SWCVII
localfood
blackswan
transpoconvola
catalog
blood
KeepItCool
bluntwrappers
swca
EarthDay
walk4animals
SanDiego
frontporch
writingobstacles
Reduce
BigBullet
CALED2015
lifeadvice
Powerbodybuilding
doublefeature
Chicago Dave is way cooler than brandon
Chicago
DEQ
TweetMyJobs
iu
housemusicfamily
Montgomery
Plainfield
EarthDayEveryDay
interpreter
facingourfears
Evansson
Jobs
WcW
ProudCrowd
Cowspiracy
Job
mymedicine
chicagogirl
bilingual
Manufacturing
hpm
mygiftofgrace
Morris
Retail
EarthDay
deephouse
CustomerService
People
MI
housemusic
Hiring
Accounting
Naperville
New York Dave is way cooler than brandon
New York
NewYork
StarKat
NYC
Glutenmonster
incil
islam
TribecaFilmFestival
barrysbootcamp
Jobs
Industryfixx
yummo
healthyliving
Queens
Journaling
TFF2015
foodstand
lunch
therapy
day
cmo
AVJobs
KittyLord
yourrealestatematchmaker
Hiring
EartDay2015
AudreyRose
spring
allah
wwe
healthychoices
earth
linestoolong
wasteofmytime
treatyoself
TaxSeason
Job
FREEGS9
IndustryFixx
BabyEdges
awards
Rockleigh
tevrat
kuran
Elkslodge
becauseweneverhowlalone
Repost
Isles
Irresistible
Clerical
impactchampionshipwrestling
DrivingSales
appliances
njla15
ManvsMachine
15YearsTogether
AppleWatch
brand
IFMVideo
ThoughtForTheDay
goals
flowers
ToughEnough
nyceats
Pokerface
movies
Engineering
NIIW
editorial
BlackVortex
TroyAve
roygbiv
fashion
WeAreTennis
healthyeats
BBHMM
zebur
EarthDayEveryDay
CSRchat
Joinme
wcw
darkchocolate
write
wce
NorthBergen
BlackGelBandits
seniorday
WCW
foodporn
models
redcarpet
EarthDay
onhere
UnpopularActionMovies
NettempsJobs
Accounting
NYCmissed
TheWalkingDead
CharlieEngman
San Fran Dave is way cooler than brandon
San Fran
vsphere
Clerical
quake
applewatch
mindfulness
PaloAlto
IoT
sqlserver
RSAC
VeteranJob
MachineLearning
hrtrends
GraphSearch
gigse15
meditation
SiliconValley
resilience
vmware
bayarea
lilmoon
Jobs
Hiring
Sacramento
BeatClubAmerica
bottledwater
mipueblojobs
Job
adoption
Starbucks
WrestleAMovie
TweetMyJobs
circulareconomy
definitiveyes
MLS4Montreal
coop
Diner
SaltedCaramelSquares
zerowaste
fostercare
klutchbeatholla
worker
SugarSelfie
IT
NotTooShabby
PowerOfWomen
bbl
bufferchat
Hospitality
Retail
lilmonkey
earthquake
SantaClara
SanJose
earthday
SanFrancisco
Nursing
keyword
SanMateo
nfl
fb
FluentConf
HRtechnology
SFO
MLSfansSupport4Montreal
jamiswinston
soFia
Vote4Waka
RealEstate
Yosemite
_id Dave is way cooler than brandon
Los Angeles Dave is way cooler than brandon
Los Angeles
BusinessMgmt
jonsnow
sleek
VeteranJob
NoPlaceLikeHome
scaredshitless
unique
Jobs
Reuse
Prop215
LKeysfitness
WindsorHills
Donation
bike
EarthDay2015
Jets
lambsBREATH
coffee
LosAngeles
swca2015
ColoriKitchen
Shades
NationalEarthDay
Bills
pier
PowerBrunchLA
Valencia
earthday
santamonicapier
baking
LRDS
HongKong
newUScitizen
Hiring
Patriots
RescueAnimals
Pharmaceutical
ABC7Eyewitness
iwasThere2
fish
design
familytravel
pielove
lambeculos
cosplay
cooking
foodies
cannabis
Job
hightimesmagazine
cosplayer
educateurselforasksumbody
humpday
pickupyobutts
unstoppable
Open2ideaz
princessleia
LanceKeys
WordsOfWisdom
Politicalgenocide
surfrider
followPatLA
IEcrowd
pasoarecordarte
Carlsbad
farmersmarkets
Yoga
RayBands
RedCross
WeWillNotBeShaken
indoors
KeepItPlayful
Hospitality
Recycle
KitHarrington
Excited
TMSRivieraNayarit
Transportation
Papa
jmshotyou
gradschoolproblems
teamwork
HappyEarthDay
Desert
Dolphins
ORGANIC
SB277
iheartoc
LUFC
economicprofiling
Retail
latergram
goldrushrally
car
Mexico
Engineering
Sponsor
outdoors
PeaceOnEarth
LAProblems
Granada
TweetMyJobs
makeadifference
GMOFREE
TranspoConvoLA
DeathValley
EarthDayEveryDay
PacificOcean
gamechanger
EARTHDAY
wcw
Irvine
starwarscelebration
NewportBeach
SWCVII
localfood
blackswan
transpoconvola
catalog
blood
KeepItCool
bluntwrappers
swca
EarthDay
walk4animals
SanDiego
frontporch
writingobstacles
Reduce
BigBullet
CALED2015
lifeadvice
Powerbodybuilding
doublefeature
Chicago Dave is way cooler than brandon
Chicago
DEQ
TweetMyJobs
iu
housemusicfamily
Montgomery
Plainfield
EarthDayEveryDay
interpreter
facingourfears
Evansson
Jobs
WcW
ProudCrowd
Cowspiracy
Job
mymedicine
chicagogirl
bilingual
Manufacturing
hpm
mygiftofgrace
Morris
Retail
EarthDay
deephouse
CustomerService
People
MI
housemusic
Hiring
Accounting
Naperville
New York Dave is way cooler than brandon
New York
NewYork
StarKat
NYC
Glutenmonster
incil
islam
TribecaFilmFestival
barrysbootcamp
Jobs
Industryfixx
yummo
healthyliving
Queens
Journaling
TFF2015
foodstand
lunch
therapy
day
cmo
AVJobs
KittyLord
yourrealestatematchmaker
Hiring
EartDay2015
AudreyRose
spring
allah
wwe
healthychoices
earth
linestoolong
wasteofmytime
treatyoself
TaxSeason
Job
FREEGS9
IndustryFixx
BabyEdges
awards
Rockleigh
tevrat
kuran
Elkslodge
becauseweneverhowlalone
Repost
Isles
Irresistible
Clerical
impactchampionshipwrestling
DrivingSales
appliances
njla15
ManvsMachine
15YearsTogether
AppleWatch
brand
IFMVideo
ThoughtForTheDay
goals
flowers
ToughEnough
nyceats
Pokerface
movies
Engineering
NIIW
editorial
BlackVortex
TroyAve
roygbiv
fashion
WeAreTennis
healthyeats
BBHMM
zebur
EarthDayEveryDay
CSRchat
Joinme
wcw
darkchocolate
write
wce
NorthBergen
BlackGelBandits
seniorday
WCW
foodporn
models
redcarpet
EarthDay
onhere
UnpopularActionMovies
NettempsJobs
Accounting
NYCmissed
TheWalkingDead
CharlieEngman
San Fran Dave is way cooler than brandon
San Fran
vsphere
Clerical
quake
applewatch
mindfulness
PaloAlto
IoT
sqlserver
RSAC
VeteranJob
MachineLearning
hrtrends
GraphSearch
gigse15
meditation
SiliconValley
resilience
vmware
bayarea
lilmoon
Jobs
Hiring
Sacramento
BeatClubAmerica
bottledwater
mipueblojobs
Job
adoption
Starbucks
WrestleAMovie
TweetMyJobs
circulareconomy
definitiveyes
MLS4Montreal
coop
Diner
SaltedCaramelSquares
zerowaste
fostercare
klutchbeatholla
worker
SugarSelfie
IT
NotTooShabby
PowerOfWomen
bbl
bufferchat
Hospitality
Retail
lilmonkey
earthquake
SantaClara
SanJose
earthday
SanFrancisco
Nursing
keyword
SanMateo
nfl
fb
FluentConf
HRtechnology
SFO
MLSfansSupport4Montreal
jamiswinston
soFia
Vote4Waka
RealEstate
Yosemite
_id Dave is way cooler than brandon
Los Angeles Dave is way cooler than brandon
Los Angeles
BusinessMgmt
jonsnow
sleek
VeteranJob
NoPlaceLikeHome
scaredshitless
unique
Jobs
Reuse
Prop215
LKeysfitness
WindsorHills
Donation
bike
EarthDay2015
Jets
lambsBREATH
coffee
LosAngeles
swca2015
ColoriKitchen
Shades
NationalEarthDay
Bills
pier
PowerBrunchLA
Valencia
earthday
santamonicapier
baking
LRDS
HongKong
newUScitizen
Hiring
Patriots
RescueAnimals
Pharmaceutical
ABC7Eyewitness
iwasThere2
fish
design
familytravel
pielove
lambeculos
cosplay
cooking
foodies
cannabis
Job
hightimesmagazine
cosplayer
educateurselforasksumbody
humpday
pickupyobutts
unstoppable
Open2ideaz
princessleia
LanceKeys
WordsOfWisdom
Politicalgenocide
surfrider
followPatLA
IEcrowd
pasoarecordarte
Carlsbad
farmersmarkets
Yoga
RayBands
RedCross
WeWillNotBeShaken
indoors
KeepItPlayful
Hospitality
Recycle
KitHarrington
Excited
TMSRivieraNayarit
Transportation
Papa
jmshotyou
gradschoolproblems
teamwork
HappyEarthDay
Desert
Dolphins
ORGANIC
SB277
iheartoc
LUFC
economicprofiling
Retail
latergram
goldrushrally
car
Mexico
Engineering
Sponsor
outdoors
PeaceOnEarth
LAProblems
Granada
TweetMyJobs
makeadifference
GMOFREE
TranspoConvoLA
DeathValley
EarthDayEveryDay
PacificOcean
gamechanger
EARTHDAY
wcw
Irvine
starwarscelebration
NewportBeach
SWCVII
localfood
blackswan
transpoconvola
catalog
blood
KeepItCool
bluntwrappers
swca
EarthDay
walk4animals
SanDiego
frontporch
writingobstacles
Reduce
BigBullet
CALED2015
lifeadvice
Powerbodybuilding
doublefeature
Chicago Dave is way cooler than brandon
Chicago
DEQ
TweetMyJobs
iu
housemusicfamily
Montgomery
Plainfield
EarthDayEveryDay
interpreter
facingourfears
Evansson
Jobs
WcW
ProudCrowd
Cowspiracy
Job
mymedicine
chicagogirl
bilingual
Manufacturing
hpm
mygiftofgrace
Morris
Retail
EarthDay
deephouse
CustomerService
People
MI
housemusic
Hiring
Accounting
Naperville
New York Dave is way cooler than brandon
New York
NewYork
StarKat
NYC
Glutenmonster
incil
islam
TribecaFilmFestival
barrysbootcamp
Jobs
Industryfixx
yummo
healthyliving
Queens
Journaling
TFF2015
foodstand
lunch
therapy
day
cmo
AVJobs
KittyLord
yourrealestatematchmaker
Hiring
EartDay2015
AudreyRose
spring
allah
wwe
healthychoices
earth
linestoolong
wasteofmytime
treatyoself
TaxSeason
Job
FREEGS9
IndustryFixx
BabyEdges
awards
Rockleigh
tevrat
kuran
Elkslodge
becauseweneverhowlalone
Repost
Isles
Irresistible
Clerical
impactchampionshipwrestling
DrivingSales
appliances
njla15
ManvsMachine
15YearsTogether
AppleWatch
brand
IFMVideo
ThoughtForTheDay
goals
flowers
ToughEnough
nyceats
Pokerface
movies
Engineering
NIIW
editorial
BlackVortex
TroyAve
roygbiv
fashion
WeAreTennis
healthyeats
BBHMM
zebur
EarthDayEveryDay
CSRchat
Joinme
wcw
darkchocolate
write
wce
NorthBergen
BlackGelBandits
seniorday
WCW
foodporn
models
redcarpet
EarthDay
onhere
UnpopularActionMovies
NettempsJobs
Accounting
NYCmissed
TheWalkingDead
CharlieEngman
San Fran Dave is way cooler than brandon
San Fran
vsphere
Clerical
quake
applewatch
mindfulness
PaloAlto
IoT
sqlserver
RSAC
VeteranJob
MachineLearning
hrtrends
GraphSearch
gigse15
meditation
SiliconValley
resilience
vmware
bayarea
lilmoon
Jobs
Hiring
Sacramento
BeatClubAmerica
bottledwater
mipueblojobs
Job
adoption
Starbucks
WrestleAMovie
TweetMyJobs
circulareconomy
definitiveyes
MLS4Montreal
coop
Diner
SaltedCaramelSquares
zerowaste
fostercare
klutchbeatholla
worker
SugarSelfie
IT
NotTooShabby
PowerOfWomen
bbl
bufferchat
Hospitality
Retail
lilmonkey
earthquake
SantaClara
SanJose
earthday
SanFrancisco
Nursing
keyword
SanMateo
nfl
fb
FluentConf
HRtechnology
SFO
MLSfansSupport4Montreal
jamiswinston
soFia
Vote4Waka
RealEstate
Yosemite
_id Dave is way cooler than brandon
Los Angeles Dave is way cooler than brandon
Los Angeles
BusinessMgmt
jonsnow
sleek
VeteranJob
NoPlaceLikeHome
scaredshitless
unique
Jobs
Reuse
Prop215
LKeysfitness
WindsorHills
Donation
bike
EarthDay2015
Jets
lambsBREATH
coffee
LosAngeles
swca2015
ColoriKitchen
Shades
NationalEarthDay
Bills
pier
PowerBrunchLA
Valencia
earthday
santamonicapier
baking
LRDS
HongKong
newUScitizen
Hiring
Patriots
RescueAnimals
Pharmaceutical
ABC7Eyewitness
iwasThere2
fish
design
familytravel
pielove
lambeculos
cosplay
cooking
foodies
cannabis
Job
hightimesmagazine
cosplayer
educateurselforasksumbody
humpday
pickupyobutts
unstoppable
Open2ideaz
princessleia
LanceKeys
WordsOfWisdom
Politicalgenocide
surfrider
followPatLA
IEcrowd
pasoarecordarte
Carlsbad
farmersmarkets
Yoga
RayBands
RedCross
WeWillNotBeShaken
indoors
KeepItPlayful
Hospitality
Recycle
KitHarrington
Excited
TMSRivieraNayarit
Transportation
Papa
jmshotyou
gradschoolproblems
teamwork
HappyEarthDay
Desert
Dolphins
ORGANIC
SB277
iheartoc
LUFC
economicprofiling
Retail
latergram
goldrushrally
car
Mexico
Engineering
Sponsor
outdoors
PeaceOnEarth
LAProblems
Granada
TweetMyJobs
makeadifference
GMOFREE
TranspoConvoLA
DeathValley
EarthDayEveryDay
PacificOcean
gamechanger
EARTHDAY
wcw
Irvine
starwarscelebration
NewportBeach
SWCVII
localfood
blackswan
transpoconvola
catalog
blood
KeepItCool
bluntwrappers
swca
EarthDay
walk4animals
SanDiego
frontporch
writingobstacles
Reduce
BigBullet
CALED2015
lifeadvice
Powerbodybuilding
doublefeature
Chicago Dave is way cooler than brandon
Chicago
DEQ
TweetMyJobs
iu
housemusicfamily
Montgomery
Plainfield
EarthDayEveryDay
interpreter
facingourfears
Evansson
Jobs
WcW
ProudCrowd
Cowspiracy
Job
mymedicine
chicagogirl
bilingual
Manufacturing
hpm
mygiftofgrace
Morris
Retail
EarthDay
deephouse
CustomerService
People
MI
housemusic
Hiring
Accounting
Naperville
New York Dave is way cooler than brandon
New York
NewYork
StarKat
NYC
Glutenmonster
incil
islam
TribecaFilmFestival
barrysbootcamp
Jobs
Industryfixx
yummo
healthyliving
Queens
Journaling
TFF2015
foodstand
lunch
therapy
day
cmo
AVJobs
KittyLord
yourrealestatematchmaker
Hiring
EartDay2015
AudreyRose
spring
allah
wwe
healthychoices
earth
linestoolong
wasteofmytime
treatyoself
TaxSeason
Job
FREEGS9
IndustryFixx
BabyEdges
awards
Rockleigh
tevrat
kuran
Elkslodge
becauseweneverhowlalone
Repost
Isles
Irresistible
Clerical
impactchampionshipwrestling
DrivingSales
appliances
njla15
ManvsMachine
15YearsTogether
AppleWatch
brand
IFMVideo
ThoughtForTheDay
goals
flowers
ToughEnough
nyceats
Pokerface
movies
Engineering
NIIW
editorial
BlackVortex
TroyAve
roygbiv
fashion
WeAreTennis
healthyeats
BBHMM
zebur
EarthDayEveryDay
CSRchat
Joinme
wcw
darkchocolate
write
wce
NorthBergen
BlackGelBandits
seniorday
WCW
foodporn
models
redcarpet
EarthDay
onhere
UnpopularActionMovies
NettempsJobs
Accounting
NYCmissed
TheWalkingDead
CharlieEngman
San Fran Dave is way cooler than brandon
San Fran
vsphere
Clerical
quake
applewatch
mindfulness
PaloAlto
IoT
sqlserver
RSAC
VeteranJob
MachineLearning
hrtrends
GraphSearch
gigse15
meditation
SiliconValley
resilience
vmware
bayarea
lilmoon
Jobs
Hiring
Sacramento
BeatClubAmerica
bottledwater
mipueblojobs
Job
adoption
Starbucks
WrestleAMovie
TweetMyJobs
circulareconomy
definitiveyes
MLS4Montreal
coop
Diner
SaltedCaramelSquares
zerowaste
fostercare
klutchbeatholla
worker
SugarSelfie
IT
NotTooShabby
PowerOfWomen
bbl
bufferchat
Hospitality
Retail
lilmonkey
earthquake
SantaClara
SanJose
earthday
SanFrancisco
Nursing
keyword
SanMateo
nfl
fb
FluentConf
HRtechnology
SFO
MLSfansSupport4Montreal
jamiswinston
soFia
Vote4Waka
RealEstate
Yosemite
_id Dave is way cooler than brandon
Los Angeles Dave is way cooler than brandon
Los Angeles
BusinessMgmt
jonsnow
sleek
VeteranJob
NoPlaceLikeHome
scaredshitless
unique
Jobs
Reuse
Prop215
LKeysfitness
WindsorHills
Donation
bike
EarthDay2015
Jets
lambsBREATH
coffee
LosAngeles
swca2015
ColoriKitchen
Shades
NationalEarthDay
Bills
pier
PowerBrunchLA
Valencia
earthday
santamonicapier
baking
LRDS
HongKong
newUScitizen
Hiring
Patriots
RescueAnimals
Pharmaceutical
ABC7Eyewitness
iwasThere2
fish
design
familytravel
pielove
lambeculos
cosplay
cooking
foodies
cannabis
Job
hightimesmagazine
cosplayer
educateurselforasksumbody
humpday
pickupyobutts
unstoppable
Open2ideaz
princessleia
LanceKeys
WordsOfWisdom
Politicalgenocide
surfrider
followPatLA
IEcrowd
pasoarecordarte
Carlsbad
farmersmarkets
Yoga
RayBands
RedCross
WeWillNotBeShaken
indoors
KeepItPlayful
Hospitality
Recycle
KitHarrington
Excited
TMSRivieraNayarit
Transportation
Papa
jmshotyou
gradschoolproblems
teamwork
HappyEarthDay
Desert
Dolphins
ORGANIC
SB277
iheartoc
LUFC
economicprofiling
Retail
latergram
goldrushrally
car
Mexico
Engineering
Sponsor
outdoors
PeaceOnEarth
LAProblems
Granada
TweetMyJobs
makeadifference
GMOFREE
TranspoConvoLA
DeathValley
EarthDayEveryDay
PacificOcean
gamechanger
EARTHDAY
wcw
Irvine
starwarscelebration
NewportBeach
SWCVII
localfood
blackswan
transpoconvola
catalog
blood
KeepItCool
bluntwrappers
swca
EarthDay
walk4animals
SanDiego
frontporch
writingobstacles
Reduce
BigBullet
CALED2015
lifeadvice
Powerbodybuilding
doublefeature
Chicago Dave is way cooler than brandon
Chicago
DEQ
TweetMyJobs
iu
housemusicfamily
Montgomery
Plainfield
EarthDayEveryDay
interpreter
facingourfears
Evansson
Jobs
WcW
ProudCrowd
Cowspiracy
Job
mymedicine
chicagogirl
bilingual
Manufacturing
hpm
mygiftofgrace
Morris
Retail
EarthDay
deephouse
CustomerService
People
MI
housemusic
Hiring
Accounting
Naperville
New York Dave is way cooler than brandon
New York
NewYork
StarKat
NYC
Glutenmonster
incil
islam
TribecaFilmFestival
barrysbootcamp
Jobs
Industryfixx
yummo
healthyliving
Queens
Journaling
TFF2015
foodstand
lunch
therapy
day
cmo
AVJobs
KittyLord
yourrealestatematchmaker
Hiring
EartDay2015
AudreyRose
spring
allah
wwe
healthychoices
earth
linestoolong
wasteofmytime
treatyoself
TaxSeason
Job
FREEGS9
IndustryFixx
BabyEdges
awards
Rockleigh
tevrat
kuran
Elkslodge
becauseweneverhowlalone
Repost
Isles
Irresistible
Clerical
impactchampionshipwrestling
DrivingSales
appliances
njla15
ManvsMachine
15YearsTogether
AppleWatch
brand
IFMVideo
ThoughtForTheDay
goals
flowers
ToughEnough
nyceats
Pokerface
movies
Engineering
NIIW
editorial
BlackVortex
TroyAve
roygbiv
fashion
WeAreTennis
healthyeats
BBHMM
zebur
EarthDayEveryDay
CSRchat
Joinme
wcw
darkchocolate
write
wce
NorthBergen
BlackGelBandits
seniorday
WCW
foodporn
models
redcarpet
EarthDay
onhere
UnpopularActionMovies
NettempsJobs
Accounting
NYCmissed
TheWalkingDead
CharlieEngman
San Fran Dave is way cooler than brandon
San Fran
vsphere
Clerical
quake
applewatch
mindfulness
PaloAlto
IoT
sqlserver
RSAC
VeteranJob
MachineLearning
hrtrends
GraphSearch
gigse15
meditation
SiliconValley
resilience
vmware
bayarea
lilmoon
Jobs
Hiring
Sacramento
BeatClubAmerica
bottledwater
mipueblojobs
Job
adoption
Starbucks
WrestleAMovie
TweetMyJobs
circulareconomy
definitiveyes
MLS4Montreal
coop
Diner
SaltedCaramelSquares
zerowaste
fostercare
klutchbeatholla
worker
SugarSelfie
IT
NotTooShabby
PowerOfWomen
bbl
bufferchat
Hospitality
Retail
lilmonkey
earthquake
SantaClara
SanJose
earthday
SanFrancisco
Nursing
keyword
SanMateo
nfl
fb
FluentConf
HRtechnology
SFO
MLSfansSupport4Montreal
jamiswinston
soFia
Vote4Waka
RealEstate
Yosemite
_id Dave is way cooler than brandon
Los Angeles Dave is way cooler than brandon
Los Angeles
BusinessMgmt
jonsnow
sleek
VeteranJob
NoPlaceLikeHome
scaredshitless
unique
Jobs
Reuse
Prop215
LKeysfitness
WindsorHills
Donation
bike
EarthDay2015
Jets
lambsBREATH
coffee
LosAngeles
swca2015
ColoriKitchen
Shades
NationalEarthDay
Bills
pier
PowerBrunchLA
Valencia
earthday
santamonicapier
baking
LRDS
HongKong
newUScitizen
Hiring
Patriots
RescueAnimals
Pharmaceutical
ABC7Eyewitness
iwasThere2
fish
design
familytravel
pielove
lambeculos
cosplay
cooking
foodies
cannabis
Job
hightimesmagazine
cosplayer
educateurselforasksumbody
humpday
pickupyobutts
unstoppable
Open2ideaz
princessleia
LanceKeys
WordsOfWisdom
Politicalgenocide
surfrider
followPatLA
IEcrowd
pasoarecordarte
Carlsbad
farmersmarkets
Yoga
RayBands
RedCross
WeWillNotBeShaken
indoors
KeepItPlayful
Hospitality
Recycle
KitHarrington
Excited
TMSRivieraNayarit
Transportation
Papa
jmshotyou
gradschoolproblems
teamwork
HappyEarthDay
Desert
Dolphins
ORGANIC
SB277
iheartoc
LUFC
economicprofiling
Retail
latergram
goldrushrally
car
Mexico
Engineering
Sponsor
outdoors
PeaceOnEarth
LAProblems
Granada
TweetMyJobs
makeadifference
GMOFREE
TranspoConvoLA
DeathValley
EarthDayEveryDay
PacificOcean
gamechanger
EARTHDAY
wcw
Irvine
starwarscelebration
NewportBeach
SWCVII
localfood
blackswan
transpoconvola
catalog
blood
KeepItCool
bluntwrappers
swca
EarthDay
walk4animals
SanDiego
frontporch
writingobstacles
Reduce
BigBullet
CALED2015
lifeadvice
Powerbodybuilding
doublefeature
Chicago Dave is way cooler than brandon
Chicago
DEQ
TweetMyJobs
iu
housemusicfamily
Montgomery
Plainfield
EarthDayEveryDay
interpreter
facingourfears
Evansson
Jobs
WcW
ProudCrowd
Cowspiracy
Job
mymedicine
chicagogirl
bilingual
Manufacturing
hpm
mygiftofgrace
Morris
Retail
EarthDay
deephouse
CustomerService
People
MI
housemusic
Hiring
Accounting
Naperville
New York Dave is way cooler than brandon
New York
NewYork
StarKat
NYC
Glutenmonster
incil
islam
TribecaFilmFestival
barrysbootcamp
Jobs
Industryfixx
yummo
healthyliving
Queens
Journaling
TFF2015
foodstand
lunch
therapy
day
cmo
AVJobs
KittyLord
yourrealestatematchmaker
Hiring
EartDay2015
AudreyRose
spring
allah
wwe
healthychoices
earth
linestoolong
wasteofmytime
treatyoself
TaxSeason
Job
FREEGS9
IndustryFixx
BabyEdges
awards
Rockleigh
tevrat
kuran
Elkslodge
becauseweneverhowlalone
Repost
Isles
Irresistible
Clerical
impactchampionshipwrestling
DrivingSales
appliances
njla15
ManvsMachine
15YearsTogether
AppleWatch
brand
IFMVideo
ThoughtForTheDay
goals
flowers
ToughEnough
nyceats
Pokerface
movies
Engineering
NIIW
editorial
BlackVortex
TroyAve
roygbiv
fashion
WeAreTennis
healthyeats
BBHMM
zebur
EarthDayEveryDay
CSRchat
Joinme
wcw
darkchocolate
write
wce
NorthBergen
BlackGelBandits
seniorday
WCW
foodporn
models
redcarpet
EarthDay
onhere
UnpopularActionMovies
NettempsJobs
Accounting
NYCmissed
TheWalkingDead
CharlieEngman
San Fran Dave is way cooler than brandon
San Fran
vsphere
Clerical
quake
applewatch
mindfulness
PaloAlto
IoT
sqlserver
RSAC
VeteranJob
MachineLearning
hrtrends
GraphSearch
gigse15
meditation
SiliconValley
resilience
vmware
bayarea
lilmoon
Jobs
Hiring
Sacramento
BeatClubAmerica
bottledwater
mipueblojobs
Job
adoption
Starbucks
WrestleAMovie
TweetMyJobs
circulareconomy
definitiveyes
MLS4Montreal
coop
Diner
SaltedCaramelSquares
zerowaste
fostercare
klutchbeatholla
worker
SugarSelfie
IT
NotTooShabby
PowerOfWomen
bbl
bufferchat
Hospitality
Retail
lilmonkey
earthquake
SantaClara
SanJose
earthday
SanFrancisco
Nursing
keyword
SanMateo
nfl
fb
FluentConf
HRtechnology
SFO
MLSfansSupport4Montreal
jamiswinston
soFia
Vote4Waka
RealEstate
Yosemite
_id Dave is way cooler than brandon
Los Angeles Dave is way cooler than brandon
Los Angeles
BusinessMgmt
jonsnow
sleek
VeteranJob
NoPlaceLikeHome
scaredshitless
unique
Jobs
Reuse
Prop215
LKeysfitness
WindsorHills
Donation
bike
EarthDay2015
Jets
lambsBREATH
coffee
LosAngeles
swca2015
ColoriKitchen
Shades
NationalEarthDay
Bills
pier
PowerBrunchLA
Valencia
earthday
santamonicapier
baking
LRDS
HongKong
newUScitizen
Hiring
Patriots
RescueAnimals
Pharmaceutical
ABC7Eyewitness
iwasThere2
fish
design
familytravel
pielove
lambeculos
cosplay
cooking
foodies
cannabis
Job
hightimesmagazine
cosplayer
educateurselforasksumbody
humpday
pickupyobutts
unstoppable
Open2ideaz
princessleia
LanceKeys
WordsOfWisdom
Politicalgenocide
surfrider
followPatLA
IEcrowd
pasoarecordarte
Carlsbad
farmersmarkets
Yoga
RayBands
RedCross
WeWillNotBeShaken
indoors
KeepItPlayful
Hospitality
Recycle
KitHarrington
Excited
TMSRivieraNayarit
Transportation
Papa
jmshotyou
gradschoolproblems
teamwork
HappyEarthDay
Desert
Dolphins
ORGANIC
SB277
iheartoc
LUFC
economicprofiling
Retail
latergram
goldrushrally
car
Mexico
Engineering
Sponsor
outdoors
PeaceOnEarth
LAProblems
Granada
TweetMyJobs
makeadifference
GMOFREE
TranspoConvoLA
DeathValley
EarthDayEveryDay
PacificOcean
gamechanger
EARTHDAY
wcw
Irvine
starwarscelebration
NewportBeach
SWCVII
localfood
blackswan
transpoconvola
catalog
blood
KeepItCool
bluntwrappers
swca
EarthDay
walk4animals
SanDiego
frontporch
writingobstacles
Reduce
BigBullet
CALED2015
lifeadvice
Powerbodybuilding
doublefeature
Chicago Dave is way cooler than brandon
Chicago
DEQ
TweetMyJobs
iu
housemusicfamily
Montgomery
Plainfield
EarthDayEveryDay
interpreter
facingourfears
Evansson
Jobs
WcW
ProudCrowd
Cowspiracy
Job
mymedicine
chicagogirl
bilingual
Manufacturing
hpm
mygiftofgrace
Morris
Retail
EarthDay
deephouse
CustomerService
People
MI
housemusic
Hiring
Accounting
Naperville
New York Dave is way cooler than brandon
New York
NewYork
StarKat
NYC
Glutenmonster
incil
islam
TribecaFilmFestival
barrysbootcamp
Jobs
Industryfixx
yummo
healthyliving
Queens
Journaling
TFF2015
foodstand
lunch
therapy
day
cmo
AVJobs
KittyLord
yourrealestatematchmaker
Hiring
EartDay2015
AudreyRose
spring
allah
wwe
healthychoices
earth
linestoolong
wasteofmytime
treatyoself
TaxSeason
Job
FREEGS9
IndustryFixx
BabyEdges
awards
Rockleigh
tevrat
kuran
Elkslodge
becauseweneverhowlalone
Repost
Isles
Irresistible
Clerical
impactchampionshipwrestling
DrivingSales
appliances
njla15
ManvsMachine
15YearsTogether
AppleWatch
brand
IFMVideo
ThoughtForTheDay
goals
flowers
ToughEnough
nyceats
Pokerface
movies
Engineering
NIIW
editorial
BlackVortex
TroyAve
roygbiv
fashion
WeAreTennis
healthyeats
BBHMM
zebur
EarthDayEveryDay
CSRchat
Joinme
wcw
darkchocolate
write
wce
NorthBergen
BlackGelBandits
seniorday
WCW
foodporn
models
redcarpet
EarthDay
onhere
UnpopularActionMovies
NettempsJobs
Accounting
NYCmissed
TheWalkingDead
CharlieEngman
San Fran Dave is way cooler than brandon
San Fran
vsphere
Clerical
quake
applewatch
mindfulness
PaloAlto
IoT
sqlserver
RSAC
VeteranJob
MachineLearning
hrtrends
GraphSearch
gigse15
meditation
SiliconValley
resilience
vmware
bayarea
lilmoon
Jobs
Hiring
Sacramento
BeatClubAmerica
bottledwater
mipueblojobs
Job
adoption
Starbucks
WrestleAMovie
TweetMyJobs
circulareconomy
definitiveyes
MLS4Montreal
coop
Diner
SaltedCaramelSquares
zerowaste
fostercare
klutchbeatholla
worker
SugarSelfie
IT
NotTooShabby
PowerOfWomen
bbl
bufferchat
Hospitality
Retail
lilmonkey
earthquake
SantaClara
SanJose
earthday
SanFrancisco
Nursing
keyword
SanMateo
nfl
fb
FluentConf
HRtechnology
SFO
MLSfansSupport4Montreal
jamiswinston
soFia
Vote4Waka
RealEstate
Yosemite
_id Dave is way cooler than brandon
Los Angeles Dave is way cooler than brandon
Los Angeles
BusinessMgmt
jonsnow
sleek
VeteranJob
NoPlaceLikeHome
scaredshitless
unique
Jobs
Reuse
Prop215
LKeysfitness
WindsorHills
Donation
bike
EarthDay2015
Jets
lambsBREATH
coffee
LosAngeles
swca2015
ColoriKitchen
Shades
NationalEarthDay
Bills
pier
PowerBrunchLA
Valencia
earthday
santamonicapier
baking
LRDS
HongKong
newUScitizen
Hiring
Patriots
RescueAnimals
Pharmaceutical
ABC7Eyewitness
iwasThere2
fish
design
familytravel
pielove
lambeculos
cosplay
cooking
foodies
cannabis
Job
hightimesmagazine
cosplayer
educateurselforasksumbody
humpday
pickupyobutts
unstoppable
Open2ideaz
princessleia
LanceKeys
WordsOfWisdom
Politicalgenocide
surfrider
followPatLA
IEcrowd
pasoarecordarte
Carlsbad
farmersmarkets
Yoga
RayBands
RedCross
WeWillNotBeShaken
indoors
KeepItPlayful
Hospitality
Recycle
KitHarrington
Excited
TMSRivieraNayarit
Transportation
Papa
jmshotyou
gradschoolproblems
teamwork
HappyEarthDay
Desert
Dolphins
ORGANIC
SB277
iheartoc
LUFC
economicprofiling
Retail
latergram
goldrushrally
car
Mexico
Engineering
Sponsor
outdoors
PeaceOnEarth
LAProblems
Granada
TweetMyJobs
makeadifference
GMOFREE
TranspoConvoLA
DeathValley
EarthDayEveryDay
PacificOcean
gamechanger
EARTHDAY
wcw
Irvine
starwarscelebration
NewportBeach
SWCVII
localfood
blackswan
transpoconvola
catalog
blood
KeepItCool
bluntwrappers
swca
EarthDay
walk4animals
SanDiego
frontporch
writingobstacles
Reduce
BigBullet
CALED2015
lifeadvice
Powerbodybuilding
doublefeature
Chicago Dave is way cooler than brandon
Chicago
DEQ
TweetMyJobs
iu
housemusicfamily
Montgomery
Plainfield
EarthDayEveryDay
interpreter
facingourfears
Evansson
Jobs
WcW
ProudCrowd
Cowspiracy
Job
mymedicine
chicagogirl
bilingual
Manufacturing
hpm
mygiftofgrace
Morris
Retail
EarthDay
deephouse
CustomerService
People
MI
housemusic
Hiring
Accounting
Naperville
New York Dave is way cooler than brandon
New York
NewYork
StarKat
NYC
Glutenmonster
incil
islam
TribecaFilmFestival
barrysbootcamp
Jobs
Industryfixx
yummo
healthyliving
Queens
Journaling
TFF2015
foodstand
lunch
therapy
day
cmo
AVJobs
KittyLord
yourrealestatematchmaker
Hiring
EartDay2015
AudreyRose
spring
allah
wwe
healthychoices
earth
linestoolong
wasteofmytime
treatyoself
TaxSeason
Job
FREEGS9
IndustryFixx
BabyEdges
awards
Rockleigh
tevrat
kuran
Elkslodge
becauseweneverhowlalone
Repost
Isles
Irresistible
Clerical
impactchampionshipwrestling
DrivingSales
appliances
njla15
ManvsMachine
15YearsTogether
AppleWatch
brand
IFMVideo
ThoughtForTheDay
goals
flowers
ToughEnough
nyceats
Pokerface
movies
Engineering
NIIW
editorial
BlackVortex
TroyAve
roygbiv
fashion
WeAreTennis
healthyeats
BBHMM
zebur
EarthDayEveryDay
CSRchat
Joinme
wcw
darkchocolate
write
wce
NorthBergen
BlackGelBandits
seniorday
WCW
foodporn
models
redcarpet
EarthDay
onhere
UnpopularActionMovies
NettempsJobs
Accounting
NYCmissed
TheWalkingDead
CharlieEngman
San Fran Dave is way cooler than brandon
San Fran
vsphere
Clerical
quake
applewatch
mindfulness
PaloAlto
IoT
sqlserver
RSAC
VeteranJob
MachineLearning
hrtrends
GraphSearch
gigse15
meditation
SiliconValley
resilience
vmware
bayarea
lilmoon
Jobs
Hiring
Sacramento
BeatClubAmerica
bottledwater
mipueblojobs
Job
adoption
Starbucks
WrestleAMovie
TweetMyJobs
circulareconomy
definitiveyes
MLS4Montreal
coop
Diner
SaltedCaramelSquares
zerowaste
fostercare
klutchbeatholla
worker
SugarSelfie
IT
NotTooShabby
PowerOfWomen
bbl
bufferchat
Hospitality
Retail
lilmonkey
earthquake
SantaClara
SanJose
earthday
SanFrancisco
Nursing
keyword
SanMateo
nfl
fb
FluentConf
HRtechnology
SFO
MLSfansSupport4Montreal
jamiswinston
soFia
Vote4Waka
RealEstate
Yosemite
_id Dave is way cooler than brandon
Los Angeles Dave is way cooler than brandon
Los Angeles
BusinessMgmt
jonsnow
sleek
VeteranJob
NoPlaceLikeHome
scaredshitless
unique
Jobs
Reuse
Prop215
LKeysfitness
WindsorHills
Donation
bike
EarthDay2015
Jets
lambsBREATH
coffee
LosAngeles
swca2015
ColoriKitchen
Shades
NationalEarthDay
Bills
pier
PowerBrunchLA
Valencia
earthday
santamonicapier
baking
LRDS
HongKong
newUScitizen
Hiring
Patriots
RescueAnimals
Pharmaceutical
ABC7Eyewitness
iwasThere2
fish
design
familytravel
pielove
lambeculos
cosplay
cooking
foodies
cannabis
Job
hightimesmagazine
cosplayer
educateurselforasksumbody
humpday
pickupyobutts
unstoppable
Open2ideaz
princessleia
LanceKeys
WordsOfWisdom
Politicalgenocide
surfrider
followPatLA
IEcrowd
pasoarecordarte
Carlsbad
farmersmarkets
Yoga
RayBands
RedCross
WeWillNotBeShaken
indoors
KeepItPlayful
Hospitality
Recycle
KitHarrington
Excited
TMSRivieraNayarit
Transportation
Papa
jmshotyou
gradschoolproblems
teamwork
HappyEarthDay
Desert
Dolphins
ORGANIC
SB277
iheartoc
LUFC
economicprofiling
Retail
latergram
goldrushrally
car
Mexico
Engineering
Sponsor
outdoors
PeaceOnEarth
LAProblems
Granada
TweetMyJobs
makeadifference
GMOFREE
TranspoConvoLA
DeathValley
EarthDayEveryDay
PacificOcean
gamechanger
EARTHDAY
wcw
Irvine
starwarscelebration
NewportBeach
SWCVII
localfood
blackswan
transpoconvola
catalog
blood
KeepItCool
bluntwrappers
swca
EarthDay
walk4animals
SanDiego
frontporch
writingobstacles
Reduce
BigBullet
CALED2015
lifeadvice
Powerbodybuilding
doublefeature
Chicago Dave is way cooler than brandon
Chicago
DEQ
TweetMyJobs
iu
housemusicfamily
Montgomery
Plainfield
EarthDayEveryDay
interpreter
facingourfears
Evansson
Jobs
WcW
ProudCrowd
Cowspiracy
Job
mymedicine
chicagogirl
bilingual
Manufacturing
hpm
mygiftofgrace
Morris
Retail
EarthDay
deephouse
CustomerService
People
MI
housemusic
Hiring
Accounting
Naperville
New York Dave is way cooler than brandon
New York
NewYork
StarKat
NYC
Glutenmonster
incil
islam
TribecaFilmFestival
barrysbootcamp
Jobs
Industryfixx
yummo
healthyliving
Queens
Journaling
TFF2015
foodstand
lunch
therapy
day
cmo
AVJobs
KittyLord
yourrealestatematchmaker
Hiring
EartDay2015
AudreyRose
spring
allah
wwe
healthychoices
earth
linestoolong
wasteofmytime
treatyoself
TaxSeason
Job
FREEGS9
IndustryFixx
BabyEdges
awards
Rockleigh
tevrat
kuran
Elkslodge
becauseweneverhowlalone
Repost
Isles
Irresistible
Clerical
impactchampionshipwrestling
DrivingSales
appliances
njla15
ManvsMachine
15YearsTogether
AppleWatch
brand
IFMVideo
ThoughtForTheDay
goals
flowers
ToughEnough
nyceats
Pokerface
movies
Engineering
NIIW
editorial
BlackVortex
TroyAve
roygbiv
fashion
WeAreTennis
healthyeats
BBHMM
zebur
EarthDayEveryDay
CSRchat
Joinme
wcw
darkchocolate
write
wce
NorthBergen
BlackGelBandits
seniorday
WCW
foodporn
models
redcarpet
EarthDay
onhere
UnpopularActionMovies
NettempsJobs
Accounting
NYCmissed
TheWalkingDead
CharlieEngman
San Fran Dave is way cooler than brandon
San Fran
vsphere
Clerical
quake
applewatch
mindfulness
PaloAlto
IoT
sqlserver
RSAC
VeteranJob
MachineLearning
hrtrends
GraphSearch
gigse15
meditation
SiliconValley
resilience
vmware
bayarea
lilmoon
Jobs
Hiring
Sacramento
BeatClubAmerica
bottledwater
mipueblojobs
Job
adoption
Starbucks
WrestleAMovie
TweetMyJobs
circulareconomy
definitiveyes
MLS4Montreal
coop
Diner
SaltedCaramelSquares
zerowaste
fostercare
klutchbeatholla
worker
SugarSelfie
IT
NotTooShabby
PowerOfWomen
bbl
bufferchat
Hospitality
Retail
lilmonkey
earthquake
SantaClara
SanJose
earthday
SanFrancisco
Nursing
keyword
SanMateo
nfl
fb
FluentConf
HRtechnology
SFO
MLSfansSupport4Montreal
jamiswinston
soFia
Vote4Waka
RealEstate
Yosemite
_id Dave is way cooler than brandon
Los Angeles Dave is way cooler than brandon
Los Angeles
BusinessMgmt
jonsnow
sleek
VeteranJob
NoPlaceLikeHome
scaredshitless
unique
Jobs
Reuse
Prop215
LKeysfitness
WindsorHills
Donation
bike
EarthDay2015
Jets
lambsBREATH
coffee
LosAngeles
swca2015
ColoriKitchen
Shades
NationalEarthDay
Bills
pier
PowerBrunchLA
Valencia
earthday
santamonicapier
baking
LRDS
HongKong
newUScitizen
Hiring
Patriots
RescueAnimals
Pharmaceutical
ABC7Eyewitness
iwasThere2
fish
design
familytravel
pielove
lambeculos
cosplay
cooking
foodies
cannabis
Job
hightimesmagazine
cosplayer
educateurselforasksumbody
humpday
pickupyobutts
unstoppable
Open2ideaz
princessleia
LanceKeys
WordsOfWisdom
Politicalgenocide
surfrider
followPatLA
IEcrowd
pasoarecordarte
Carlsbad
farmersmarkets
Yoga
RayBands
RedCross
WeWillNotBeShaken
indoors
KeepItPlayful
Hospitality
Recycle
KitHarrington
Excited
TMSRivieraNayarit
Transportation
Papa
jmshotyou
gradschoolproblems
teamwork
HappyEarthDay
Desert
Dolphins
ORGANIC
SB277
iheartoc
LUFC
economicprofiling
Retail
latergram
goldrushrally
car
Mexico
Engineering
Sponsor
outdoors
PeaceOnEarth
LAProblems
Granada
TweetMyJobs
makeadifference
GMOFREE
TranspoConvoLA
DeathValley
EarthDayEveryDay
PacificOcean
gamechanger
EARTHDAY
wcw
Irvine
starwarscelebration
NewportBeach
SWCVII
localfood
blackswan
transpoconvola
catalog
blood
KeepItCool
bluntwrappers
swca
EarthDay
walk4animals
SanDiego
frontporch
writingobstacles
Reduce
BigBullet
CALED2015
lifeadvice
Powerbodybuilding
doublefeature
Chicago Dave is way cooler than brandon
Chicago
DEQ
TweetMyJobs
iu
housemusicfamily
Montgomery
Plainfield
EarthDayEveryDay
interpreter
facingourfears
Evansson
Jobs
WcW
ProudCrowd
Cowspiracy
Job
mymedicine
chicagogirl
bilingual
Manufacturing
hpm
mygiftofgrace
Morris
Retail
EarthDay
deephouse
CustomerService
People
MI
housemusic
Hiring
Accounting
Naperville
New York Dave is way cooler than brandon
New York
NewYork
StarKat
NYC
Glutenmonster
incil
islam
TribecaFilmFestival
barrysbootcamp
Jobs
Industryfixx
yummo
healthyliving
Queens
Journaling
TFF2015
foodstand
lunch
therapy
day
cmo
AVJobs
KittyLord
yourrealestatematchmaker
Hiring
EartDay2015
AudreyRose
spring
allah
wwe
healthychoices
earth
linestoolong
wasteofmytime
treatyoself
TaxSeason
Job
FREEGS9
IndustryFixx
BabyEdges
awards
Rockleigh
tevrat
kuran
Elkslodge
becauseweneverhowlalone
Repost
Isles
Irresistible
Clerical
impactchampionshipwrestling
DrivingSales
appliances
njla15
ManvsMachine
15YearsTogether
AppleWatch
brand
IFMVideo
ThoughtForTheDay
goals
flowers
ToughEnough
nyceats
Pokerface
movies
Engineering
NIIW
editorial
BlackVortex
TroyAve
roygbiv
fashion
WeAreTennis
healthyeats
BBHMM
zebur
EarthDayEveryDay
CSRchat
Joinme
wcw
darkchocolate
write
wce
NorthBergen
BlackGelBandits
seniorday
WCW
foodporn
models
redcarpet
EarthDay
onhere
UnpopularActionMovies
NettempsJobs
Accounting
NYCmissed
TheWalkingDead
CharlieEngman
San Fran Dave is way cooler than brandon
San Fran
vsphere
Clerical
quake
applewatch
mindfulness
PaloAlto
IoT
sqlserver
RSAC
VeteranJob
MachineLearning
hrtrends
GraphSearch
gigse15
meditation
SiliconValley
resilience
vmware
bayarea
lilmoon
Jobs
Hiring
Sacramento
BeatClubAmerica
bottledwater
mipueblojobs
Job
adoption
Starbucks
WrestleAMovie
TweetMyJobs
circulareconomy
definitiveyes
MLS4Montreal
coop
Diner
SaltedCaramelSquares
zerowaste
fostercare
klutchbeatholla
worker
SugarSelfie
IT
NotTooShabby
PowerOfWomen
bbl
bufferchat
Hospitality
Retail
lilmonkey
earthquake
SantaClara
SanJose
earthday
SanFrancisco
Nursing
keyword
SanMateo
nfl
fb
FluentConf
HRtechnology
SFO
MLSfansSupport4Montreal
jamiswinston
soFia
Vote4Waka
RealEstate
Yosemite
_id Dave is way cooler than brandon
Los Angeles Dave is way cooler than brandon
Los Angeles
BusinessMgmt
jonsnow
sleek
VeteranJob
NoPlaceLikeHome
scaredshitless
unique
Jobs
Reuse
Prop215
LKeysfitness
WindsorHills
Donation
bike
EarthDay2015
Jets
lambsBREATH
coffee
LosAngeles
swca2015
ColoriKitchen
Shades
NationalEarthDay
Bills
pier
PowerBrunchLA
Valencia
earthday
santamonicapier
baking
LRDS
HongKong
newUScitizen
Hiring
Patriots
RescueAnimals
Pharmaceutical
ABC7Eyewitness
iwasThere2
fish
design
familytravel
pielove
lambeculos
cosplay
cooking
foodies
cannabis
Job
hightimesmagazine
cosplayer
educateurselforasksumbody
humpday
pickupyobutts
unstoppable
Open2ideaz
princessleia
LanceKeys
WordsOfWisdom
Politicalgenocide
surfrider
followPatLA
IEcrowd
pasoarecordarte
Carlsbad
farmersmarkets
Yoga
RayBands
RedCross
WeWillNotBeShaken
indoors
KeepItPlayful
Hospitality
Recycle
KitHarrington
Excited
TMSRivieraNayarit
Transportation
Papa
jmshotyou
gradschoolproblems
teamwork
HappyEarthDay
Desert
Dolphins
ORGANIC
SB277
iheartoc
LUFC
economicprofiling
Retail
latergram
goldrushrally
car
Mexico
Engineering
Sponsor
outdoors
PeaceOnEarth
LAProblems
Granada
TweetMyJobs
makeadifference
GMOFREE
TranspoConvoLA
DeathValley
EarthDayEveryDay
PacificOcean
gamechanger
EARTHDAY
wcw
Irvine
starwarscelebration
NewportBeach
SWCVII
localfood
blackswan
transpoconvola
catalog
blood
KeepItCool
bluntwrappers
swca
EarthDay
walk4animals
SanDiego
frontporch
writingobstacles
Reduce
BigBullet
CALED2015
lifeadvice
Powerbodybuilding
doublefeature
Chicago Dave is way cooler than brandon
Chicago
DEQ
TweetMyJobs
iu
housemusicfamily
Montgomery
Plainfield
EarthDayEveryDay
interpreter
facingourfears
Evansson
Jobs
WcW
ProudCrowd
Cowspiracy
Job
mymedicine
chicagogirl
bilingual
Manufacturing
hpm
mygiftofgrace
Morris
Retail
EarthDay
deephouse
CustomerService
People
MI
housemusic
Hiring
Accounting
Naperville
New York Dave is way cooler than brandon
New York
NewYork
StarKat
NYC
Glutenmonster
incil
islam
TribecaFilmFestival
barrysbootcamp
Jobs
Industryfixx
yummo
healthyliving
Queens
Journaling
TFF2015
foodstand
lunch
therapy
day
cmo
AVJobs
KittyLord
yourrealestatematchmaker
Hiring
EartDay2015
AudreyRose
spring
allah
wwe
healthychoices
earth
linestoolong
wasteofmytime
treatyoself
TaxSeason
Job
FREEGS9
IndustryFixx
BabyEdges
awards
Rockleigh
tevrat
kuran
Elkslodge
becauseweneverhowlalone
Repost
Isles
Irresistible
Clerical
impactchampionshipwrestling
DrivingSales
appliances
njla15
ManvsMachine
15YearsTogether
AppleWatch
brand
IFMVideo
ThoughtForTheDay
goals
flowers
ToughEnough
nyceats
Pokerface
movies
Engineering
NIIW
editorial
BlackVortex
TroyAve
roygbiv
fashion
WeAreTennis
healthyeats
BBHMM
zebur
EarthDayEveryDay
CSRchat
Joinme
wcw
darkchocolate
write
wce
NorthBergen
BlackGelBandits
seniorday
WCW
foodporn
models
redcarpet
EarthDay
onhere
UnpopularActionMovies
NettempsJobs
Accounting
NYCmissed
TheWalkingDead
CharlieEngman
San Fran Dave is way cooler than brandon
San Fran
vsphere
Clerical
quake
applewatch
mindfulness
PaloAlto
IoT
sqlserver
RSAC
VeteranJob
MachineLearning
hrtrends
GraphSearch
gigse15
meditation
SiliconValley
resilience
vmware
bayarea
lilmoon
Jobs
Hiring
Sacramento
BeatClubAmerica
bottledwater
mipueblojobs
Job
adoption
Starbucks
WrestleAMovie
TweetMyJobs
circulareconomy
definitiveyes
MLS4Montreal
coop
Diner
SaltedCaramelSquares
zerowaste
fostercare
klutchbeatholla
worker
SugarSelfie
IT
NotTooShabby
PowerOfWomen
bbl
bufferchat
Hospitality
Retail
lilmonkey
earthquake
SantaClara
SanJose
earthday
SanFrancisco
Nursing
keyword
SanMateo
nfl
fb
FluentConf
HRtechnology
SFO
MLSfansSupport4Montreal
jamiswinston
soFia
Vote4Waka
RealEstate
Yosemite
_id Dave is way cooler than brandon
Los Angeles Dave is way cooler than brandon
Los Angeles
BusinessMgmt
jonsnow
sleek
VeteranJob
NoPlaceLikeHome
scaredshitless
unique
Jobs
Reuse
Prop215
LKeysfitness
WindsorHills
Donation
bike
EarthDay2015
Jets
lambsBREATH
coffee
LosAngeles
swca2015
ColoriKitchen
Shades
NationalEarthDay
Bills
pier
PowerBrunchLA
Valencia
earthday
santamonicapier
baking
LRDS
HongKong
newUScitizen
Hiring
Patriots
RescueAnimals
Pharmaceutical
ABC7Eyewitness
iwasThere2
fish
design
familytravel
pielove
lambeculos
cosplay
cooking
foodies
cannabis
Job
hightimesmagazine
cosplayer
educateurselforasksumbody
humpday
pickupyobutts
unstoppable
Open2ideaz
princessleia
LanceKeys
WordsOfWisdom
Politicalgenocide
surfrider
followPatLA
IEcrowd
pasoarecordarte
Carlsbad
farmersmarkets
Yoga
RayBands
RedCross
WeWillNotBeShaken
indoors
KeepItPlayful
Hospitality
Recycle
KitHarrington
Excited
TMSRivieraNayarit
Transportation
Papa
jmshotyou
gradschoolproblems
teamwork
HappyEarthDay
Desert
Dolphins
ORGANIC
SB277
iheartoc
LUFC
economicprofiling
Retail
latergram
goldrushrally
car
Mexico
Engineering
Sponsor
outdoors
PeaceOnEarth
LAProblems
Granada
TweetMyJobs
makeadifference
GMOFREE
TranspoConvoLA
DeathValley
EarthDayEveryDay
PacificOcean
gamechanger
EARTHDAY
wcw
Irvine
starwarscelebration
NewportBeach
SWCVII
localfood
blackswan
transpoconvola
catalog
blood
KeepItCool
bluntwrappers
swca
EarthDay
walk4animals
SanDiego
frontporch
writingobstacles
Reduce
BigBullet
CALED2015
lifeadvice
Powerbodybuilding
doublefeature
Chicago Dave is way cooler than brandon
Chicago
DEQ
TweetMyJobs
iu
housemusicfamily
Montgomery
Plainfield
EarthDayEveryDay
interpreter
facingourfears
Evansson
Jobs
WcW
ProudCrowd
Cowspiracy
Job
mymedicine
chicagogirl
bilingual
Manufacturing
hpm
mygiftofgrace
Morris
Retail
EarthDay
deephouse
CustomerService
People
MI
housemusic
Hiring
Accounting
Naperville
New York Dave is way cooler than brandon
New York
NewYork
StarKat
NYC
Glutenmonster
incil
islam
TribecaFilmFestival
barrysbootcamp
Jobs
Industryfixx
yummo
healthyliving
Queens
Journaling
TFF2015
foodstand
lunch
therapy
day
cmo
AVJobs
KittyLord
yourrealestatematchmaker
Hiring
EartDay2015
AudreyRose
spring
allah
wwe
healthychoices
earth
linestoolong
wasteofmytime
treatyoself
TaxSeason
Job
FREEGS9
IndustryFixx
BabyEdges
awards
Rockleigh
tevrat
kuran
Elkslodge
becauseweneverhowlalone
Repost
Isles
Irresistible
Clerical
impactchampionshipwrestling
DrivingSales
appliances
njla15
ManvsMachine
15YearsTogether
AppleWatch
brand
IFMVideo
ThoughtForTheDay
goals
flowers
ToughEnough
nyceats
Pokerface
movies
Engineering
NIIW
editorial
BlackVortex
TroyAve
roygbiv
fashion
WeAreTennis
healthyeats
BBHMM
zebur
EarthDayEveryDay
CSRchat
Joinme
wcw
darkchocolate
write
wce
NorthBergen
BlackGelBandits
seniorday
WCW
foodporn
models
redcarpet
EarthDay
onhere
UnpopularActionMovies
NettempsJobs
Accounting
NYCmissed
TheWalkingDead
CharlieEngman
San Fran Dave is way cooler than brandon
San Fran
vsphere
Clerical
quake
applewatch
mindfulness
PaloAlto
IoT
sqlserver
RSAC
VeteranJob
MachineLearning
hrtrends
GraphSearch
gigse15
meditation
SiliconValley
resilience
vmware
bayarea
lilmoon
Jobs
Hiring
Sacramento
BeatClubAmerica
bottledwater
mipueblojobs
Job
adoption
Starbucks
WrestleAMovie
TweetMyJobs
circulareconomy
definitiveyes
MLS4Montreal
coop
Diner
SaltedCaramelSquares
zerowaste
fostercare
klutchbeatholla
worker
SugarSelfie
IT
NotTooShabby
PowerOfWomen
bbl
bufferchat
Hospitality
Retail
lilmonkey
earthquake
SantaClara
SanJose
earthday
SanFrancisco
Nursing
keyword
SanMateo
nfl
fb
FluentConf
HRtechnology
SFO
MLSfansSupport4Montreal
jamiswinston
soFia
Vote4Waka
RealEstate
Yosemite
_id Dave is way cooler than brandon
Los Angeles Dave is way cooler than brandon
Los Angeles
BusinessMgmt
jonsnow
sleek
VeteranJob
NoPlaceLikeHome
scaredshitless
unique
Jobs
Reuse
Prop215
LKeysfitness
WindsorHills
Donation
bike
EarthDay2015
Jets
lambsBREATH
coffee
LosAngeles
swca2015
ColoriKitchen
Shades
NationalEarthDay
Bills
pier
PowerBrunchLA
Valencia
earthday
santamonicapier
baking
LRDS
HongKong
newUScitizen
Hiring
Patriots
RescueAnimals
Pharmaceutical
ABC7Eyewitness
iwasThere2
fish
design
familytravel
pielove
lambeculos
cosplay
cooking
foodies
cannabis
Job
hightimesmagazine
cosplayer
educateurselforasksumbody
humpday
pickupyobutts
unstoppable
Open2ideaz
princessleia
LanceKeys
WordsOfWisdom
Politicalgenocide
surfrider
followPatLA
IEcrowd
pasoarecordarte
Carlsbad
farmersmarkets
Yoga
RayBands
RedCross
WeWillNotBeShaken
indoors
KeepItPlayful
Hospitality
Recycle
KitHarrington
Excited
TMSRivieraNayarit
Transportation
Papa
jmshotyou
gradschoolproblems
teamwork
HappyEarthDay
Desert
Dolphins
ORGANIC
SB277
iheartoc
LUFC
economicprofiling
Retail
latergram
goldrushrally
car
Mexico
Engineering
Sponsor
outdoors
PeaceOnEarth
LAProblems
Granada
TweetMyJobs
makeadifference
GMOFREE
TranspoConvoLA
DeathValley
EarthDayEveryDay
PacificOcean
gamechanger
EARTHDAY
wcw
Irvine
starwarscelebration
NewportBeach
SWCVII
localfood
blackswan
transpoconvola
catalog
blood
KeepItCool
bluntwrappers
swca
EarthDay
walk4animals
SanDiego
frontporch
writingobstacles
Reduce
BigBullet
CALED2015
lifeadvice
Powerbodybuilding
doublefeature
Chicago Dave is way cooler than brandon
Chicago
DEQ
TweetMyJobs
iu
housemusicfamily
Montgomery
Plainfield
EarthDayEveryDay
interpreter
facingourfears
Evansson
Jobs
WcW
ProudCrowd
Cowspiracy
Job
mymedicine
chicagogirl
bilingual
Manufacturing
hpm
mygiftofgrace
Morris
Retail
EarthDay
deephouse
CustomerService
People
MI
housemusic
Hiring
Accounting
Naperville
New York Dave is way cooler than brandon
New York
NewYork
StarKat
NYC
Glutenmonster
incil
islam
TribecaFilmFestival
barrysbootcamp
Jobs
Industryfixx
yummo
healthyliving
Queens
Journaling
TFF2015
foodstand
lunch
therapy
day
cmo
AVJobs
KittyLord
yourrealestatematchmaker
Hiring
EartDay2015
AudreyRose
spring
allah
wwe
healthychoices
earth
linestoolong
wasteofmytime
treatyoself
TaxSeason
Job
FREEGS9
IndustryFixx
BabyEdges
awards
Rockleigh
tevrat
kuran
Elkslodge
becauseweneverhowlalone
Repost
Isles
Irresistible
Clerical
impactchampionshipwrestling
DrivingSales
appliances
njla15
ManvsMachine
15YearsTogether
AppleWatch
brand
IFMVideo
ThoughtForTheDay
goals
flowers
ToughEnough
nyceats
Pokerface
movies
Engineering
NIIW
editorial
BlackVortex
TroyAve
roygbiv
fashion
WeAreTennis
healthyeats
BBHMM
zebur
EarthDayEveryDay
CSRchat
Joinme
wcw
darkchocolate
write
wce
NorthBergen
BlackGelBandits
seniorday
WCW
foodporn
models
redcarpet
EarthDay
onhere
UnpopularActionMovies
NettempsJobs
Accounting
NYCmissed
TheWalkingDead
CharlieEngman
San Fran Dave is way cooler than brandon
San Fran
vsphere
Clerical
quake
applewatch
mindfulness
PaloAlto
IoT
sqlserver
RSAC
VeteranJob
MachineLearning
hrtrends
GraphSearch
gigse15
meditation
SiliconValley
resilience
vmware
bayarea
lilmoon
Jobs
Hiring
Sacramento
BeatClubAmerica
bottledwater
mipueblojobs
Job
adoption
Starbucks
WrestleAMovie
TweetMyJobs
circulareconomy
definitiveyes
MLS4Montreal
coop
Diner
SaltedCaramelSquares
zerowaste
fostercare
klutchbeatholla
worker
SugarSelfie
IT
NotTooShabby
PowerOfWomen
bbl
bufferchat
Hospitality
Retail
lilmonkey
earthquake
SantaClara
SanJose
earthday
SanFrancisco
Nursing
keyword
SanMateo
nfl
fb
FluentConf
HRtechnology
SFO
MLSfansSupport4Montreal
jamiswinston
soFia
Vote4Waka
RealEstate
Yosemite
_id Dave is way cooler than brandon
Los Angeles Dave is way cooler than brandon
Los Angeles
BusinessMgmt
jonsnow
sleek
VeteranJob
NoPlaceLikeHome
scaredshitless
unique
Jobs
Reuse
Prop215
LKeysfitness
WindsorHills
Donation
bike
EarthDay2015
Jets
lambsBREATH
coffee
LosAngeles
swca2015
ColoriKitchen
Shades
NationalEarthDay
Bills
pier
PowerBrunchLA
Valencia
earthday
santamonicapier
baking
LRDS
HongKong
newUScitizen
Hiring
Patriots
RescueAnimals
Pharmaceutical
ABC7Eyewitness
iwasThere2
fish
design
familytravel
pielove
lambeculos
cosplay
cooking
foodies
cannabis
Job
hightimesmagazine
cosplayer
educateurselforasksumbody
humpday
pickupyobutts
unstoppable
Open2ideaz
princessleia
LanceKeys
WordsOfWisdom
Politicalgenocide
surfrider
followPatLA
IEcrowd
pasoarecordarte
Carlsbad
farmersmarkets
Yoga
RayBands
RedCross
WeWillNotBeShaken
indoors
KeepItPlayful
Hospitality
Recycle
KitHarrington
Excited
TMSRivieraNayarit
Transportation
Papa
jmshotyou
gradschoolproblems
teamwork
HappyEarthDay
Desert
Dolphins
ORGANIC
SB277
iheartoc
LUFC
economicprofiling
Retail
latergram
goldrushrally
car
Mexico
Engineering
Sponsor
outdoors
PeaceOnEarth
LAProblems
Granada
TweetMyJobs
makeadifference
GMOFREE
TranspoConvoLA
DeathValley
EarthDayEveryDay
PacificOcean
gamechanger
EARTHDAY
wcw
Irvine
starwarscelebration
NewportBeach
SWCVII
localfood
blackswan
transpoconvola
catalog
blood
KeepItCool
bluntwrappers
swca
EarthDay
walk4animals
SanDiego
frontporch
writingobstacles
Reduce
BigBullet
CALED2015
lifeadvice
Powerbodybuilding
doublefeature
Chicago Dave is way cooler than brandon
Chicago
DEQ
TweetMyJobs
iu
housemusicfamily
Montgomery
Plainfield
EarthDayEveryDay
interpreter
facingourfears
Evansson
Jobs
WcW
ProudCrowd
Cowspiracy
Job
mymedicine
chicagogirl
bilingual
Manufacturing
hpm
mygiftofgrace
Morris
Retail
EarthDay
deephouse
CustomerService
People
MI
housemusic
Hiring
Accounting
Naperville
New York Dave is way cooler than brandon
New York
NewYork
StarKat
NYC
Glutenmonster
incil
islam
TribecaFilmFestival
barrysbootcamp
Jobs
Industryfixx
yummo
healthyliving
Queens
Journaling
TFF2015
foodstand
lunch
therapy
day
cmo
AVJobs
KittyLord
yourrealestatematchmaker
Hiring
EartDay2015
AudreyRose
spring
allah
wwe
healthychoices
earth
linestoolong
wasteofmytime
treatyoself
TaxSeason
Job
FREEGS9
IndustryFixx
BabyEdges
awards
Rockleigh
tevrat
kuran
Elkslodge
becauseweneverhowlalone
Repost
Isles
Irresistible
Clerical
impactchampionshipwrestling
DrivingSales
appliances
njla15
ManvsMachine
15YearsTogether
AppleWatch
brand
IFMVideo
ThoughtForTheDay
goals
flowers
ToughEnough
nyceats
Pokerface
movies
Engineering
NIIW
editorial
BlackVortex
TroyAve
roygbiv
fashion
WeAreTennis
healthyeats
BBHMM
zebur
EarthDayEveryDay
CSRchat
Joinme
wcw
darkchocolate
write
wce
NorthBergen
BlackGelBandits
seniorday
WCW
foodporn
models
redcarpet
EarthDay
onhere
UnpopularActionMovies
NettempsJobs
Accounting
NYCmissed
TheWalkingDead
CharlieEngman
San Fran Dave is way cooler than brandon
San Fran
vsphere
Clerical
quake
applewatch
mindfulness
PaloAlto
IoT
sqlserver
RSAC
VeteranJob
MachineLearning
hrtrends
GraphSearch
gigse15
meditation
SiliconValley
resilience
vmware
bayarea
lilmoon
Jobs
Hiring
Sacramento
BeatClubAmerica
bottledwater
mipueblojobs
Job
adoption
Starbucks
WrestleAMovie
TweetMyJobs
circulareconomy
definitiveyes
MLS4Montreal
coop
Diner
SaltedCaramelSquares
zerowaste
fostercare
klutchbeatholla
worker
SugarSelfie
IT
NotTooShabby
PowerOfWomen
bbl
bufferchat
Hospitality
Retail
lilmonkey
earthquake
SantaClara
SanJose
earthday
SanFrancisco
Nursing
keyword
SanMateo
nfl
fb
FluentConf
HRtechnology
SFO
MLSfansSupport4Montreal
jamiswinston
soFia
Vote4Waka
RealEstate
Yosemite
_id Dave is way cooler than brandon
Los Angeles Dave is way cooler than brandon
Los Angeles
BusinessMgmt
jonsnow
sleek
VeteranJob
NoPlaceLikeHome
scaredshitless
unique
Jobs
Reuse
Prop215
LKeysfitness
WindsorHills
Donation
bike
EarthDay2015
Jets
lambsBREATH
coffee
LosAngeles
swca2015
ColoriKitchen
Shades
NationalEarthDay
Bills
pier
PowerBrunchLA
Valencia
earthday
santamonicapier
baking
LRDS
HongKong
newUScitizen
Hiring
Patriots
RescueAnimals
Pharmaceutical
ABC7Eyewitness
iwasThere2
fish
design
familytravel
pielove
lambeculos
cosplay
cooking
foodies
cannabis
Job
hightimesmagazine
cosplayer
educateurselforasksumbody
humpday
pickupyobutts
unstoppable
Open2ideaz
princessleia
LanceKeys
WordsOfWisdom
Politicalgenocide
surfrider
followPatLA
IEcrowd
pasoarecordarte
Carlsbad
farmersmarkets
Yoga
RayBands
RedCross
WeWillNotBeShaken
indoors
KeepItPlayful
Hospitality
Recycle
KitHarrington
Excited
TMSRivieraNayarit
Transportation
Papa
jmshotyou
gradschoolproblems
teamwork
HappyEarthDay
Desert
Dolphins
ORGANIC
SB277
iheartoc
LUFC
economicprofiling
Retail
latergram
goldrushrally
car
Mexico
Engineering
Sponsor
outdoors
PeaceOnEarth
LAProblems
Granada
TweetMyJobs
makeadifference
GMOFREE
TranspoConvoLA
DeathValley
EarthDayEveryDay
PacificOcean
gamechanger
EARTHDAY
wcw
Irvine
starwarscelebration
NewportBeach
SWCVII
localfood
blackswan
transpoconvola
catalog
blood
KeepItCool
bluntwrappers
swca
EarthDay
walk4animals
SanDiego
frontporch
writingobstacles
Reduce
BigBullet
CALED2015
lifeadvice
Powerbodybuilding
doublefeature
Chicago Dave is way cooler than brandon
Chicago
DEQ
TweetMyJobs
iu
housemusicfamily
Montgomery
Plainfield
EarthDayEveryDay
interpreter
facingourfears
Evansson
Jobs
WcW
ProudCrowd
Cowspiracy
Job
mymedicine
chicagogirl
bilingual
Manufacturing
hpm
mygiftofgrace
Morris
Retail
EarthDay
deephouse
CustomerService
People
MI
housemusic
Hiring
Accounting
Naperville
New York Dave is way cooler than brandon
New York
NewYork
StarKat
NYC
Glutenmonster
incil
islam
TribecaFilmFestival
barrysbootcamp
Jobs
Industryfixx
yummo
healthyliving
Queens
Journaling
TFF2015
foodstand
lunch
therapy
day
cmo
AVJobs
KittyLord
yourrealestatematchmaker
Hiring
EartDay2015
AudreyRose
spring
allah
wwe
healthychoices
earth
linestoolong
wasteofmytime
treatyoself
TaxSeason
Job
FREEGS9
IndustryFixx
BabyEdges
awards
Rockleigh
tevrat
kuran
Elkslodge
becauseweneverhowlalone
Repost
Isles
Irresistible
Clerical
impactchampionshipwrestling
DrivingSales
appliances
njla15
ManvsMachine
15YearsTogether
AppleWatch
brand
IFMVideo
ThoughtForTheDay
goals
flowers
ToughEnough
nyceats
Pokerface
movies
Engineering
NIIW
editorial
BlackVortex
TroyAve
roygbiv
fashion
WeAreTennis
healthyeats
BBHMM
zebur
EarthDayEveryDay
CSRchat
Joinme
wcw
darkchocolate
write
wce
NorthBergen
BlackGelBandits
seniorday
WCW
foodporn
models
redcarpet
EarthDay
onhere
UnpopularActionMovies
NettempsJobs
Accounting
NYCmissed
TheWalkingDead
CharlieEngman
San Fran Dave is way cooler than brandon
San Fran
vsphere
Clerical
quake
applewatch
mindfulness
PaloAlto
IoT
sqlserver
RSAC
VeteranJob
MachineLearning
hrtrends
GraphSearch
gigse15
meditation
SiliconValley
resilience
vmware
bayarea
lilmoon
Jobs
Hiring
Sacramento
BeatClubAmerica
bottledwater
mipueblojobs
Job
adoption
Starbucks
WrestleAMovie
TweetMyJobs
circulareconomy
definitiveyes
MLS4Montreal
coop
Diner
SaltedCaramelSquares
zerowaste
fostercare
klutchbeatholla
worker
SugarSelfie
IT
NotTooShabby
PowerOfWomen
bbl
bufferchat
Hospitality
Retail
lilmonkey
earthquake
SantaClara
SanJose
earthday
SanFrancisco
Nursing
keyword
SanMateo
nfl
fb
FluentConf
HRtechnology
SFO
MLSfansSupport4Montreal
jamiswinston
soFia
Vote4Waka
RealEstate
Yosemite
_id Dave is way cooler than brandon
Los Angeles Dave is way cooler than brandon
Los Angeles
BusinessMgmt
jonsnow
sleek
VeteranJob
NoPlaceLikeHome
scaredshitless
unique
Jobs
Reuse
Prop215
LKeysfitness
WindsorHills
Donation
bike
EarthDay2015
Jets
lambsBREATH
coffee
LosAngeles
swca2015
ColoriKitchen
Shades
NationalEarthDay
Bills
pier
PowerBrunchLA
Valencia
earthday
santamonicapier
baking
LRDS
HongKong
newUScitizen
Hiring
Patriots
RescueAnimals
Pharmaceutical
ABC7Eyewitness
iwasThere2
fish
design
familytravel
pielove
lambeculos
cosplay
cooking
foodies
cannabis
Job
hightimesmagazine
cosplayer
educateurselforasksumbody
humpday
pickupyobutts
unstoppable
Open2ideaz
princessleia
LanceKeys
WordsOfWisdom
Politicalgenocide
surfrider
followPatLA
IEcrowd
pasoarecordarte
Carlsbad
farmersmarkets
Yoga
RayBands
RedCross
WeWillNotBeShaken
indoors
KeepItPlayful
Hospitality
Recycle
KitHarrington
Excited
TMSRivieraNayarit
Transportation
Papa
jmshotyou
gradschoolproblems
teamwork
HappyEarthDay
Desert
Dolphins
ORGANIC
SB277
iheartoc
LUFC
economicprofiling
Retail
latergram
goldrushrally
car
Mexico
Engineering
Sponsor
outdoors
PeaceOnEarth
LAProblems
Granada
TweetMyJobs
makeadifference
GMOFREE
TranspoConvoLA
DeathValley
EarthDayEveryDay
PacificOcean
gamechanger
EARTHDAY
wcw
Irvine
starwarscelebration
NewportBeach
SWCVII
localfood
blackswan
transpoconvola
catalog
blood
KeepItCool
bluntwrappers
swca
EarthDay
walk4animals
SanDiego
frontporch
writingobstacles
Reduce
BigBullet
CALED2015
lifeadvice
Powerbodybuilding
doublefeature
Chicago Dave is way cooler than brandon
Chicago
DEQ
TweetMyJobs
iu
housemusicfamily
Montgomery
Plainfield
EarthDayEveryDay
interpreter
facingourfears
Evansson
Jobs
WcW
ProudCrowd
Cowspiracy
Job
mymedicine
chicagogirl
bilingual
Manufacturing
hpm
mygiftofgrace
Morris
Retail
EarthDay
deephouse
CustomerService
People
MI
housemusic
Hiring
Accounting
Naperville
New York Dave is way cooler than brandon
New York
NewYork
StarKat
NYC
Glutenmonster
incil
islam
TribecaFilmFestival
barrysbootcamp
Jobs
Industryfixx
yummo
healthyliving
Queens
Journaling
TFF2015
foodstand
lunch
therapy
day
cmo
AVJobs
KittyLord
yourrealestatematchmaker
Hiring
EartDay2015
AudreyRose
spring
allah
wwe
healthychoices
earth
linestoolong
wasteofmytime
treatyoself
TaxSeason
Job
FREEGS9
IndustryFixx
BabyEdges
awards
Rockleigh
tevrat
kuran
Elkslodge
becauseweneverhowlalone
Repost
Isles
Irresistible
Clerical
impactchampionshipwrestling
DrivingSales
appliances
njla15
ManvsMachine
15YearsTogether
AppleWatch
brand
IFMVideo
ThoughtForTheDay
goals
flowers
ToughEnough
nyceats
Pokerface
movies
Engineering
NIIW
editorial
BlackVortex
TroyAve
roygbiv
fashion
WeAreTennis
healthyeats
BBHMM
zebur
EarthDayEveryDay
CSRchat
Joinme
wcw
darkchocolate
write
wce
NorthBergen
BlackGelBandits
seniorday
WCW
foodporn
models
redcarpet
EarthDay
onhere
UnpopularActionMovies
NettempsJobs
Accounting
NYCmissed
TheWalkingDead
CharlieEngman
San Fran Dave is way cooler than brandon
San Fran
vsphere
Clerical
quake
applewatch
mindfulness
PaloAlto
IoT
sqlserver
RSAC
VeteranJob
MachineLearning
hrtrends
GraphSearch
gigse15
meditation
SiliconValley
resilience
vmware
bayarea
lilmoon
Jobs
Hiring
Sacramento
BeatClubAmerica
bottledwater
mipueblojobs
Job
adoption
Starbucks
WrestleAMovie
TweetMyJobs
circulareconomy
definitiveyes
MLS4Montreal
coop
Diner
SaltedCaramelSquares
zerowaste
fostercare
klutchbeatholla
worker
SugarSelfie
IT
NotTooShabby
PowerOfWomen
bbl
bufferchat
Hospitality
Retail
lilmonkey
earthquake
SantaClara
SanJose
earthday
SanFrancisco
Nursing
keyword
SanMateo
nfl
fb
FluentConf
HRtechnology
SFO
MLSfansSupport4Montreal
jamiswinston
soFia
Vote4Waka
RealEstate
Yosemite
_id Dave is way cooler than brandon
Los Angeles Dave is way cooler than brandon
Los Angeles
BusinessMgmt
jonsnow
sleek
VeteranJob
NoPlaceLikeHome
scaredshitless
unique
Jobs
Reuse
Prop215
LKeysfitness
WindsorHills
Donation
bike
EarthDay2015
Jets
lambsBREATH
coffee
LosAngeles
swca2015
ColoriKitchen
Shades
NationalEarthDay
Bills
pier
PowerBrunchLA
Valencia
earthday
santamonicapier
baking
LRDS
HongKong
newUScitizen
Hiring
Patriots
RescueAnimals
Pharmaceutical
ABC7Eyewitness
iwasThere2
fish
design
familytravel
pielove
lambeculos
cosplay
cooking
foodies
cannabis
Job
hightimesmagazine
cosplayer
educateurselforasksumbody
humpday
pickupyobutts
unstoppable
Open2ideaz
princessleia
LanceKeys
WordsOfWisdom
Politicalgenocide
surfrider
followPatLA
IEcrowd
pasoarecordarte
Carlsbad
farmersmarkets
Yoga
RayBands
RedCross
WeWillNotBeShaken
indoors
KeepItPlayful
Hospitality
Recycle
KitHarrington
Excited
TMSRivieraNayarit
Transportation
Papa
jmshotyou
gradschoolproblems
teamwork
HappyEarthDay
Desert
Dolphins
ORGANIC
SB277
iheartoc
LUFC
economicprofiling
Retail
latergram
goldrushrally
car
Mexico
Engineering
Sponsor
outdoors
PeaceOnEarth
LAProblems
Granada
TweetMyJobs
makeadifference
GMOFREE
TranspoConvoLA
DeathValley
EarthDayEveryDay
PacificOcean
gamechanger
EARTHDAY
wcw
Irvine
starwarscelebration
NewportBeach
SWCVII
localfood
blackswan
transpoconvola
catalog
blood
KeepItCool
bluntwrappers
swca
EarthDay
walk4animals
SanDiego
frontporch
writingobstacles
Reduce
BigBullet
CALED2015
lifeadvice
Powerbodybuilding
doublefeature
Chicago Dave is way cooler than brandon
Chicago
DEQ
TweetMyJobs
iu
housemusicfamily
Montgomery
Plainfield
EarthDayEveryDay
interpreter
facingourfears
Evansson
Jobs
WcW
ProudCrowd
Cowspiracy
Job
mymedicine
chicagogirl
bilingual
Manufacturing
hpm
mygiftofgrace
Morris
Retail
EarthDay
deephouse
CustomerService
People
MI
housemusic
Hiring
Accounting
Naperville
New York Dave is way cooler than brandon
New York
NewYork
StarKat
NYC
Glutenmonster
incil
islam
TribecaFilmFestival
barrysbootcamp
Jobs
Industryfixx
yummo
healthyliving
Queens
Journaling
TFF2015
foodstand
lunch
therapy
day
cmo
AVJobs
KittyLord
yourrealestatematchmaker
Hiring
EartDay2015
AudreyRose
spring
allah
wwe
healthychoices
earth
linestoolong
wasteofmytime
treatyoself
TaxSeason
Job
FREEGS9
IndustryFixx
BabyEdges
awards
Rockleigh
tevrat
kuran
Elkslodge
becauseweneverhowlalone
Repost
Isles
Irresistible
Clerical
impactchampionshipwrestling
DrivingSales
appliances
njla15
ManvsMachine
15YearsTogether
AppleWatch
brand
IFMVideo
ThoughtForTheDay
goals
flowers
ToughEnough
nyceats
Pokerface
movies
Engineering
NIIW
editorial
BlackVortex
TroyAve
roygbiv
fashion
WeAreTennis
healthyeats
BBHMM
zebur
EarthDayEveryDay
CSRchat
Joinme
wcw
darkchocolate
write
wce
NorthBergen
BlackGelBandits
seniorday
WCW
foodporn
models
redcarpet
EarthDay
onhere
UnpopularActionMovies
NettempsJobs
Accounting
NYCmissed
TheWalkingDead
CharlieEngman
San Fran Dave is way cooler than brandon
San Fran
vsphere
Clerical
quake
applewatch
mindfulness
PaloAlto
IoT
sqlserver
RSAC
VeteranJob
MachineLearning
hrtrends
GraphSearch
gigse15
meditation
SiliconValley
resilience
vmware
bayarea
lilmoon
Jobs
Hiring
Sacramento
BeatClubAmerica
bottledwater
mipueblojobs
Job
adoption
Starbucks
WrestleAMovie
TweetMyJobs
circulareconomy
definitiveyes
MLS4Montreal
coop
Diner
SaltedCaramelSquares
zerowaste
fostercare
klutchbeatholla
worker
SugarSelfie
IT
NotTooShabby
PowerOfWomen
bbl
bufferchat
Hospitality
Retail
lilmonkey
earthquake
SantaClara
SanJose
earthday
SanFrancisco
Nursing
keyword
SanMateo
nfl
fb
FluentConf
HRtechnology
SFO
MLSfansSupport4Montreal
jamiswinston
soFia
Vote4Waka
RealEstate
Yosemite
_id Dave is way cooler than brandon
Los Angeles Dave is way cooler than brandon
Los Angeles
BusinessMgmt
jonsnow
sleek
VeteranJob
NoPlaceLikeHome
scaredshitless
unique
Jobs
Reuse
Prop215
LKeysfitness
WindsorHills
Donation
bike
EarthDay2015
Jets
lambsBREATH
coffee
LosAngeles
swca2015
ColoriKitchen
Shades
NationalEarthDay
Bills
pier
PowerBrunchLA
Valencia
earthday
santamonicapier
baking
LRDS
HongKong
newUScitizen
Hiring
Patriots
RescueAnimals
Pharmaceutical
ABC7Eyewitness
iwasThere2
fish
design
familytravel
pielove
lambeculos
cosplay
cooking
foodies
cannabis
Job
hightimesmagazine
cosplayer
educateurselforasksumbody
humpday
pickupyobutts
unstoppable
Open2ideaz
princessleia
LanceKeys
WordsOfWisdom
Politicalgenocide
surfrider
followPatLA
IEcrowd
pasoarecordarte
Carlsbad
farmersmarkets
Yoga
RayBands
RedCross
WeWillNotBeShaken
indoors
KeepItPlayful
Hospitality
Recycle
KitHarrington
Excited
TMSRivieraNayarit
Transportation
Papa
jmshotyou
gradschoolproblems
teamwork
HappyEarthDay
Desert
Dolphins
ORGANIC
SB277
iheartoc
LUFC
economicprofiling
Retail
latergram
goldrushrally
car
Mexico
Engineering
Sponsor
outdoors
PeaceOnEarth
LAProblems
Granada
TweetMyJobs
makeadifference
GMOFREE
TranspoConvoLA
DeathValley
EarthDayEveryDay
PacificOcean
gamechanger
EARTHDAY
wcw
Irvine
starwarscelebration
NewportBeach
SWCVII
localfood
blackswan
transpoconvola
catalog
blood
KeepItCool
bluntwrappers
swca
EarthDay
walk4animals
SanDiego
frontporch
writingobstacles
Reduce
BigBullet
CALED2015
lifeadvice
Powerbodybuilding
doublefeature
Chicago Dave is way cooler than brandon
Chicago
DEQ
TweetMyJobs
iu
housemusicfamily
Montgomery
Plainfield
EarthDayEveryDay
interpreter
facingourfears
Evansson
Jobs
WcW
ProudCrowd
Cowspiracy
Job
mymedicine
chicagogirl
bilingual
Manufacturing
hpm
mygiftofgrace
Morris
Retail
EarthDay
deephouse
CustomerService
People
MI
housemusic
Hiring
Accounting
Naperville
New York Dave is way cooler than brandon
New York
NewYork
StarKat
NYC
Glutenmonster
incil
islam
TribecaFilmFestival
barrysbootcamp
Jobs
Industryfixx
yummo
healthyliving
Queens
Journaling
TFF2015
foodstand
lunch
therapy
day
cmo
AVJobs
KittyLord
yourrealestatematchmaker
Hiring
EartDay2015
AudreyRose
spring
allah
wwe
healthychoices
earth
linestoolong
wasteofmytime
treatyoself
TaxSeason
Job
FREEGS9
IndustryFixx
BabyEdges
awards
Rockleigh
tevrat
kuran
Elkslodge
becauseweneverhowlalone
Repost
Isles
Irresistible
Clerical
impactchampionshipwrestling
DrivingSales
appliances
njla15
ManvsMachine
15YearsTogether
AppleWatch
brand
IFMVideo
ThoughtForTheDay
goals
flowers
ToughEnough
nyceats
Pokerface
movies
Engineering
NIIW
editorial
BlackVortex
TroyAve
roygbiv
fashion
WeAreTennis
healthyeats
BBHMM
zebur
EarthDayEveryDay
CSRchat
Joinme
wcw
darkchocolate
write
wce
NorthBergen
BlackGelBandits
seniorday
WCW
foodporn
models
redcarpet
EarthDay
onhere
UnpopularActionMovies
NettempsJobs
Accounting
NYCmissed
TheWalkingDead
CharlieEngman
San Fran Dave is way cooler than brandon
San Fran
vsphere
Clerical
quake
applewatch
mindfulness
PaloAlto
IoT
sqlserver
RSAC
VeteranJob
MachineLearning
hrtrends
GraphSearch
gigse15
meditation
SiliconValley
resilience
vmware
bayarea
lilmoon
Jobs
Hiring
Sacramento
BeatClubAmerica
bottledwater
mipueblojobs
Job
adoption
Starbucks
WrestleAMovie
TweetMyJobs
circulareconomy
definitiveyes
MLS4Montreal
coop
Diner
SaltedCaramelSquares
zerowaste
fostercare
klutchbeatholla
worker
SugarSelfie
IT
NotTooShabby
PowerOfWomen
bbl
bufferchat
Hospitality
Retail
lilmonkey
earthquake
SantaClara
SanJose
earthday
SanFrancisco
Nursing
keyword
SanMateo
nfl
fb
FluentConf
HRtechnology
SFO
MLSfansSupport4Montreal
jamiswinston
soFia
Vote4Waka
RealEstate
Yosemite
_id Dave is way cooler than brandon
Los Angeles Dave is way cooler than brandon
Los Angeles
BusinessMgmt
jonsnow
sleek
VeteranJob
NoPlaceLikeHome
scaredshitless
unique
Jobs
Reuse
Prop215
LKeysfitness
WindsorHills
Donation
bike
EarthDay2015
Jets
lambsBREATH
coffee
LosAngeles
swca2015
ColoriKitchen
Shades
NationalEarthDay
Bills
pier
PowerBrunchLA
Valencia
earthday
santamonicapier
baking
LRDS
HongKong
newUScitizen
Hiring
Patriots
RescueAnimals
Pharmaceutical
ABC7Eyewitness
iwasThere2
fish
design
familytravel
pielove
lambeculos
cosplay
cooking
foodies
cannabis
Job
hightimesmagazine
cosplayer
educateurselforasksumbody
humpday
pickupyobutts
unstoppable
Open2ideaz
princessleia
LanceKeys
WordsOfWisdom
Politicalgenocide
surfrider
followPatLA
IEcrowd
pasoarecordarte
Carlsbad
farmersmarkets
Yoga
RayBands
RedCross
WeWillNotBeShaken
indoors
KeepItPlayful
Hospitality
Recycle
KitHarrington
Excited
TMSRivieraNayarit
Transportation
Papa
jmshotyou
gradschoolproblems
teamwork
HappyEarthDay
Desert
Dolphins
ORGANIC
SB277
iheartoc
LUFC
economicprofiling
Retail
latergram
goldrushrally
car
Mexico
Engineering
Sponsor
outdoors
PeaceOnEarth
LAProblems
Granada
TweetMyJobs
makeadifference
GMOFREE
TranspoConvoLA
DeathValley
EarthDayEveryDay
PacificOcean
gamechanger
EARTHDAY
wcw
Irvine
starwarscelebration
NewportBeach
SWCVII
localfood
blackswan
transpoconvola
catalog
blood
KeepItCool
bluntwrappers
swca
EarthDay
walk4animals
SanDiego
frontporch
writingobstacles
Reduce
BigBullet
CALED2015
lifeadvice
Powerbodybuilding
doublefeature
Chicago Dave is way cooler than brandon
Chicago
DEQ
TweetMyJobs
iu
housemusicfamily
Montgomery
Plainfield
EarthDayEveryDay
interpreter
facingourfears
Evansson
Jobs
WcW
ProudCrowd
Cowspiracy
Job
mymedicine
chicagogirl
bilingual
Manufacturing
hpm
mygiftofgrace
Morris
Retail
EarthDay
deephouse
CustomerService
People
MI
housemusic
Hiring
Accounting
Naperville
New York Dave is way cooler than brandon
New York
NewYork
StarKat
NYC
Glutenmonster
incil
islam
TribecaFilmFestival
barrysbootcamp
Jobs
Industryfixx
yummo
healthyliving
Queens
Journaling
TFF2015
foodstand
lunch
therapy
day
cmo
AVJobs
KittyLord
yourrealestatematchmaker
Hiring
EartDay2015
AudreyRose
spring
allah
wwe
healthychoices
earth
linestoolong
wasteofmytime
treatyoself
TaxSeason
Job
FREEGS9
IndustryFixx
BabyEdges
awards
Rockleigh
tevrat
kuran
Elkslodge
becauseweneverhowlalone
Repost
Isles
Irresistible
Clerical
impactchampionshipwrestling
DrivingSales
appliances
njla15
ManvsMachine
15YearsTogether
AppleWatch
brand
IFMVideo
ThoughtForTheDay
goals
flowers
ToughEnough
nyceats
Pokerface
movies
Engineering
NIIW
editorial
BlackVortex
TroyAve
roygbiv
fashion
WeAreTennis
healthyeats
BBHMM
zebur
EarthDayEveryDay
CSRchat
Joinme
wcw
darkchocolate
write
wce
NorthBergen
BlackGelBandits
seniorday
WCW
foodporn
models
redcarpet
EarthDay
onhere
UnpopularActionMovies
NettempsJobs
Accounting
NYCmissed
TheWalkingDead
CharlieEngman
San Fran Dave is way cooler than brandon
San Fran
vsphere
Clerical
quake
applewatch
mindfulness
PaloAlto
IoT
sqlserver
RSAC
VeteranJob
MachineLearning
hrtrends
GraphSearch
gigse15
meditation
SiliconValley
resilience
vmware
bayarea
lilmoon
Jobs
Hiring
Sacramento
BeatClubAmerica
bottledwater
mipueblojobs
Job
adoption
Starbucks
WrestleAMovie
TweetMyJobs
circulareconomy
definitiveyes
MLS4Montreal
coop
Diner
SaltedCaramelSquares
zerowaste
fostercare
klutchbeatholla
worker
SugarSelfie
IT
NotTooShabby
PowerOfWomen
bbl
bufferchat
Hospitality
Retail
lilmonkey
earthquake
SantaClara
SanJose
earthday
SanFrancisco
Nursing
keyword
SanMateo
nfl
fb
FluentConf
HRtechnology
SFO
MLSfansSupport4Montreal
jamiswinston
soFia
Vote4Waka
RealEstate
Yosemite
_id Dave is way cooler than brandon
Los Angeles Dave is way cooler than brandon
Los Angeles
BusinessMgmt
jonsnow
sleek
VeteranJob
NoPlaceLikeHome
scaredshitless
unique
Jobs
Reuse
Prop215
LKeysfitness
WindsorHills
Donation
bike
EarthDay2015
Jets
lambsBREATH
coffee
LosAngeles
swca2015
ColoriKitchen
Shades
NationalEarthDay
Bills
pier
PowerBrunchLA
Valencia
earthday
santamonicapier
baking
LRDS
HongKong
newUScitizen
Hiring
Patriots
RescueAnimals
Pharmaceutical
ABC7Eyewitness
iwasThere2
fish
design
familytravel
pielove
lambeculos
cosplay
cooking
foodies
cannabis
Job
hightimesmagazine
cosplayer
educateurselforasksumbody
humpday
pickupyobutts
unstoppable
Open2ideaz
princessleia
LanceKeys
WordsOfWisdom
Politicalgenocide
surfrider
followPatLA
IEcrowd
pasoarecordarte
Carlsbad
farmersmarkets
Yoga
RayBands
RedCross
WeWillNotBeShaken
indoors
KeepItPlayful
Hospitality
Recycle
KitHarrington
Excited
TMSRivieraNayarit
Transportation
Papa
jmshotyou
gradschoolproblems
teamwork
HappyEarthDay
Desert
Dolphins
ORGANIC
SB277
iheartoc
LUFC
economicprofiling
Retail
latergram
goldrushrally
car
Mexico
Engineering
Sponsor
outdoors
PeaceOnEarth
LAProblems
Granada
TweetMyJobs
makeadifference
GMOFREE
TranspoConvoLA
DeathValley
EarthDayEveryDay
PacificOcean
gamechanger
EARTHDAY
wcw
Irvine
starwarscelebration
NewportBeach
SWCVII
localfood
blackswan
transpoconvola
catalog
blood
KeepItCool
bluntwrappers
swca
EarthDay
walk4animals
SanDiego
frontporch
writingobstacles
Reduce
BigBullet
CALED2015
lifeadvice
Powerbodybuilding
doublefeature
Chicago Dave is way cooler than brandon
Chicago
DEQ
TweetMyJobs
iu
housemusicfamily
Montgomery
Plainfield
EarthDayEveryDay
interpreter
facingourfears
Evansson
Jobs
WcW
ProudCrowd
Cowspiracy
Job
mymedicine
chicagogirl
bilingual
Manufacturing
hpm
mygiftofgrace
Morris
Retail
EarthDay
deephouse
CustomerService
People
MI
housemusic
Hiring
Accounting
Naperville
New York Dave is way cooler than brandon
New York
NewYork
StarKat
NYC
Glutenmonster
incil
islam
TribecaFilmFestival
barrysbootcamp
Jobs
Industryfixx
yummo
healthyliving
Queens
Journaling
TFF2015
foodstand
lunch
therapy
day
cmo
AVJobs
KittyLord
yourrealestatematchmaker
Hiring
EartDay2015
AudreyRose
spring
allah
wwe
healthychoices
earth
linestoolong
wasteofmytime
treatyoself
TaxSeason
Job
FREEGS9
IndustryFixx
BabyEdges
awards
Rockleigh
tevrat
kuran
Elkslodge
becauseweneverhowlalone
Repost
Isles
Irresistible
Clerical
impactchampionshipwrestling
DrivingSales
appliances
njla15
ManvsMachine
15YearsTogether
AppleWatch
brand
IFMVideo
ThoughtForTheDay
goals
flowers
ToughEnough
nyceats
Pokerface
movies
Engineering
NIIW
editorial
BlackVortex
TroyAve
roygbiv
fashion
WeAreTennis
healthyeats
BBHMM
zebur
EarthDayEveryDay
CSRchat
Joinme
wcw
darkchocolate
write
wce
NorthBergen
BlackGelBandits
seniorday
WCW
foodporn
models
redcarpet
EarthDay
onhere
UnpopularActionMovies
NettempsJobs
Accounting
NYCmissed
TheWalkingDead
CharlieEngman
San Fran Dave is way cooler than brandon
San Fran
vsphere
Clerical
quake
applewatch
mindfulness
PaloAlto
IoT
sqlserver
RSAC
VeteranJob
MachineLearning
hrtrends
GraphSearch
gigse15
meditation
SiliconValley
resilience
vmware
bayarea
lilmoon
Jobs
Hiring
Sacramento
BeatClubAmerica
bottledwater
mipueblojobs
Job
adoption
Starbucks
WrestleAMovie
TweetMyJobs
circulareconomy
definitiveyes
MLS4Montreal
coop
Diner
SaltedCaramelSquares
zerowaste
fostercare
klutchbeatholla
worker
SugarSelfie
IT
NotTooShabby
PowerOfWomen
bbl
bufferchat
Hospitality
Retail
lilmonkey
earthquake
SantaClara
SanJose
earthday
SanFrancisco
Nursing
keyword
SanMateo
nfl
fb
FluentConf
HRtechnology
SFO
MLSfansSupport4Montreal
jamiswinston
soFia
Vote4Waka
RealEstate
Yosemite
_id Dave is way cooler than brandon
Los Angeles Dave is way cooler than brandon
Los Angeles
BusinessMgmt
jonsnow
sleek
VeteranJob
NoPlaceLikeHome
scaredshitless
unique
Jobs
Reuse
Prop215
LKeysfitness
WindsorHills
Donation
bike
EarthDay2015
Jets
lambsBREATH
coffee
LosAngeles
swca2015
ColoriKitchen
Shades
NationalEarthDay
Bills
pier
PowerBrunchLA
Valencia
earthday
santamonicapier
baking
LRDS
HongKong
newUScitizen
Hiring
Patriots
RescueAnimals
Pharmaceutical
ABC7Eyewitness
iwasThere2
fish
design
familytravel
pielove
lambeculos
cosplay
cooking
foodies
cannabis
Job
hightimesmagazine
cosplayer
educateurselforasksumbody
humpday
pickupyobutts
unstoppable
Open2ideaz
princessleia
LanceKeys
WordsOfWisdom
Politicalgenocide
surfrider
followPatLA
IEcrowd
pasoarecordarte
Carlsbad
farmersmarkets
Yoga
RayBands
RedCross
WeWillNotBeShaken
indoors
KeepItPlayful
Hospitality
Recycle
KitHarrington
Excited
TMSRivieraNayarit
Transportation
Papa
jmshotyou
gradschoolproblems
teamwork
HappyEarthDay
Desert
Dolphins
ORGANIC
SB277
iheartoc
LUFC
economicprofiling
Retail
latergram
goldrushrally
car
Mexico
Engineering
Sponsor
outdoors
PeaceOnEarth
LAProblems
Granada
TweetMyJobs
makeadifference
GMOFREE
TranspoConvoLA
DeathValley
EarthDayEveryDay
PacificOcean
gamechanger
EARTHDAY
wcw
Irvine
starwarscelebration
NewportBeach
SWCVII
localfood
blackswan
transpoconvola
catalog
blood
KeepItCool
bluntwrappers
swca
EarthDay
walk4animals
SanDiego
frontporch
writingobstacles
Reduce
BigBullet
CALED2015
lifeadvice
Powerbodybuilding
doublefeature
Chicago Dave is way cooler than brandon
Chicago
DEQ
TweetMyJobs
iu
housemusicfamily
Montgomery
Plainfield
EarthDayEveryDay
interpreter
facingourfears
Evansson
Jobs
WcW
ProudCrowd
Cowspiracy
Job
mymedicine
chicagogirl
bilingual
Manufacturing
hpm
mygiftofgrace
Morris
Retail
EarthDay
deephouse
CustomerService
People
MI
housemusic
Hiring
Accounting
Naperville
New York Dave is way cooler than brandon
New York
NewYork
StarKat
NYC
Glutenmonster
incil
islam
TribecaFilmFestival
barrysbootcamp
Jobs
Industryfixx
yummo
healthyliving
Queens
Journaling
TFF2015
foodstand
lunch
therapy
day
cmo
AVJobs
KittyLord
yourrealestatematchmaker
Hiring
EartDay2015
AudreyRose
spring
allah
wwe
healthychoices
earth
linestoolong
wasteofmytime
treatyoself
TaxSeason
Job
FREEGS9
IndustryFixx
BabyEdges
awards
Rockleigh
tevrat
kuran
Elkslodge
becauseweneverhowlalone
Repost
Isles
Irresistible
Clerical
impactchampionshipwrestling
DrivingSales
appliances
njla15
ManvsMachine
15YearsTogether
AppleWatch
brand
IFMVideo
ThoughtForTheDay
goals
flowers
ToughEnough
nyceats
Pokerface
movies
Engineering
NIIW
editorial
BlackVortex
TroyAve
roygbiv
fashion
WeAreTennis
healthyeats
BBHMM
zebur
EarthDayEveryDay
CSRchat
Joinme
wcw
darkchocolate
write
wce
NorthBergen
BlackGelBandits
seniorday
WCW
foodporn
models
redcarpet
EarthDay
onhere
UnpopularActionMovies
NettempsJobs
Accounting
NYCmissed
TheWalkingDead
CharlieEngman
San Fran Dave is way cooler than brandon
San Fran
vsphere
Clerical
quake
applewatch
mindfulness
PaloAlto
IoT
sqlserver
RSAC
VeteranJob
MachineLearning
hrtrends
GraphSearch
gigse15
meditation
SiliconValley
resilience
vmware
bayarea
lilmoon
Jobs
Hiring
Sacramento
BeatClubAmerica
bottledwater
mipueblojobs
Job
adoption
Starbucks
WrestleAMovie
TweetMyJobs
circulareconomy
definitiveyes
MLS4Montreal
coop
Diner
SaltedCaramelSquares
zerowaste
fostercare
klutchbeatholla
worker
SugarSelfie
IT
NotTooShabby
PowerOfWomen
bbl
bufferchat
Hospitality
Retail
lilmonkey
earthquake
SantaClara
SanJose
earthday
SanFrancisco
Nursing
keyword
SanMateo
nfl
fb
FluentConf
HRtechnology
SFO
MLSfansSupport4Montreal
jamiswinston
soFia
Vote4Waka
RealEstate
Yosemite
_id Dave is way cooler than brandon
Los Angeles Dave is way cooler than brandon
Los Angeles
BusinessMgmt
jonsnow
sleek
VeteranJob
NoPlaceLikeHome
scaredshitless
unique
Jobs
Reuse
Prop215
LKeysfitness
WindsorHills
Donation
bike
EarthDay2015
Jets
lambsBREATH
coffee
LosAngeles
swca2015
ColoriKitchen
Shades
NationalEarthDay
Bills
pier
PowerBrunchLA
Valencia
earthday
santamonicapier
baking
LRDS
HongKong
newUScitizen
Hiring
Patriots
RescueAnimals
Pharmaceutical
ABC7Eyewitness
iwasThere2
fish
design
familytravel
pielove
lambeculos
cosplay
cooking
foodies
cannabis
Job
hightimesmagazine
cosplayer
educateurselforasksumbody
humpday
pickupyobutts
unstoppable
Open2ideaz
princessleia
LanceKeys
WordsOfWisdom
Politicalgenocide
surfrider
followPatLA
IEcrowd
pasoarecordarte
Carlsbad
farmersmarkets
Yoga
RayBands
RedCross
WeWillNotBeShaken
indoors
KeepItPlayful
Hospitality
Recycle
KitHarrington
Excited
TMSRivieraNayarit
Transportation
Papa
jmshotyou
gradschoolproblems
teamwork
HappyEarthDay
Desert
Dolphins
ORGANIC
SB277
iheartoc
LUFC
economicprofiling
Retail
latergram
goldrushrally
car
Mexico
Engineering
Sponsor
outdoors
PeaceOnEarth
LAProblems
Granada
TweetMyJobs
makeadifference
GMOFREE
TranspoConvoLA
DeathValley
EarthDayEveryDay
PacificOcean
gamechanger
EARTHDAY
wcw
Irvine
starwarscelebration
NewportBeach
SWCVII
localfood
blackswan
transpoconvola
catalog
blood
KeepItCool
bluntwrappers
swca
EarthDay
walk4animals
SanDiego
frontporch
writingobstacles
Reduce
BigBullet
CALED2015
lifeadvice
Powerbodybuilding
doublefeature
Chicago Dave is way cooler than brandon
Chicago
DEQ
TweetMyJobs
iu
housemusicfamily
Montgomery
Plainfield
EarthDayEveryDay
interpreter
facingourfears
Evansson
Jobs
WcW
ProudCrowd
Cowspiracy
Job
mymedicine
chicagogirl
bilingual
Manufacturing
hpm
mygiftofgrace
Morris
Retail
EarthDay
deephouse
CustomerService
People
MI
housemusic
Hiring
Accounting
Naperville
New York Dave is way cooler than brandon
New York
NewYork
StarKat
NYC
Glutenmonster
incil
islam
TribecaFilmFestival
barrysbootcamp
Jobs
Industryfixx
yummo
healthyliving
Queens
Journaling
TFF2015
foodstand
lunch
therapy
day
cmo
AVJobs
KittyLord
yourrealestatematchmaker
Hiring
EartDay2015
AudreyRose
spring
allah
wwe
healthychoices
earth
linestoolong
wasteofmytime
treatyoself
TaxSeason
Job
FREEGS9
IndustryFixx
BabyEdges
awards
Rockleigh
tevrat
kuran
Elkslodge
becauseweneverhowlalone
Repost
Isles
Irresistible
Clerical
impactchampionshipwrestling
DrivingSales
appliances
njla15
ManvsMachine
15YearsTogether
AppleWatch
brand
IFMVideo
ThoughtForTheDay
goals
flowers
ToughEnough
nyceats
Pokerface
movies
Engineering
NIIW
editorial
BlackVortex
TroyAve
roygbiv
fashion
WeAreTennis
healthyeats
BBHMM
zebur
EarthDayEveryDay
CSRchat
Joinme
wcw
darkchocolate
write
wce
NorthBergen
BlackGelBandits
seniorday
WCW
foodporn
models
redcarpet
EarthDay
onhere
UnpopularActionMovies
NettempsJobs
Accounting
NYCmissed
TheWalkingDead
CharlieEngman
San Fran Dave is way cooler than brandon
San Fran
vsphere
Clerical
quake
applewatch
mindfulness
PaloAlto
IoT
sqlserver
RSAC
VeteranJob
MachineLearning
hrtrends
GraphSearch
gigse15
meditation
SiliconValley
resilience
vmware
bayarea
lilmoon
Jobs
Hiring
Sacramento
BeatClubAmerica
bottledwater
mipueblojobs
Job
adoption
Starbucks
WrestleAMovie
TweetMyJobs
circulareconomy
definitiveyes
MLS4Montreal
coop
Diner
SaltedCaramelSquares
zerowaste
fostercare
klutchbeatholla
worker
SugarSelfie
IT
NotTooShabby
PowerOfWomen
bbl
bufferchat
Hospitality
Retail
lilmonkey
earthquake
SantaClara
SanJose
earthday
SanFrancisco
Nursing
keyword
SanMateo
nfl
fb
FluentConf
HRtechnology
SFO
MLSfansSupport4Montreal
jamiswinston
soFia
Vote4Waka
RealEstate
Yosemite
_id Dave is way cooler than brandon
Los Angeles Dave is way cooler than brandon
Los Angeles
BusinessMgmt
jonsnow
sleek
VeteranJob
NoPlaceLikeHome
scaredshitless
unique
Jobs
Reuse
Prop215
LKeysfitness
WindsorHills
Donation
bike
EarthDay2015
Jets
lambsBREATH
coffee
LosAngeles
swca2015
ColoriKitchen
Shades
NationalEarthDay
Bills
pier
PowerBrunchLA
Valencia
earthday
santamonicapier
baking
LRDS
HongKong
newUScitizen
Hiring
Patriots
RescueAnimals
Pharmaceutical
ABC7Eyewitness
iwasThere2
fish
design
familytravel
pielove
lambeculos
cosplay
cooking
foodies
cannabis
Job
hightimesmagazine
cosplayer
educateurselforasksumbody
humpday
pickupyobutts
unstoppable
Open2ideaz
princessleia
LanceKeys
WordsOfWisdom
Politicalgenocide
surfrider
followPatLA
IEcrowd
pasoarecordarte
Carlsbad
farmersmarkets
Yoga
RayBands
RedCross
WeWillNotBeShaken
indoors
KeepItPlayful
Hospitality
Recycle
KitHarrington
Excited
TMSRivieraNayarit
Transportation
Papa
jmshotyou
gradschoolproblems
teamwork
HappyEarthDay
Desert
Dolphins
ORGANIC
SB277
iheartoc
LUFC
economicprofiling
Retail
latergram
goldrushrally
car
Mexico
Engineering
Sponsor
outdoors
PeaceOnEarth
LAProblems
Granada
TweetMyJobs
makeadifference
GMOFREE
TranspoConvoLA
DeathValley
EarthDayEveryDay
PacificOcean
gamechanger
EARTHDAY
wcw
Irvine
starwarscelebration
NewportBeach
SWCVII
localfood
blackswan
transpoconvola
catalog
blood
KeepItCool
bluntwrappers
swca
EarthDay
walk4animals
SanDiego
frontporch
writingobstacles
Reduce
BigBullet
CALED2015
lifeadvice
Powerbodybuilding
doublefeature
Chicago Dave is way cooler than brandon
Chicago
DEQ
TweetMyJobs
iu
housemusicfamily
Montgomery
Plainfield
EarthDayEveryDay
interpreter
facingourfears
Evansson
Jobs
WcW
ProudCrowd
Cowspiracy
Job
mymedicine
chicagogirl
bilingual
Manufacturing
hpm
mygiftofgrace
Morris
Retail
EarthDay
deephouse
CustomerService
People
MI
housemusic
Hiring
Accounting
Naperville
New York Dave is way cooler than brandon
New York
NewYork
StarKat
NYC
Glutenmonster
incil
islam
TribecaFilmFestival
barrysbootcamp
Jobs
Industryfixx
yummo
healthyliving
Queens
Journaling
TFF2015
foodstand
lunch
therapy
day
cmo
AVJobs
KittyLord
yourrealestatematchmaker
Hiring
EartDay2015
AudreyRose
spring
allah
wwe
healthychoices
earth
linestoolong
wasteofmytime
treatyoself
TaxSeason
Job
FREEGS9
IndustryFixx
BabyEdges
awards
Rockleigh
tevrat
kuran
Elkslodge
becauseweneverhowlalone
Repost
Isles
Irresistible
Clerical
impactchampionshipwrestling
DrivingSales
appliances
njla15
ManvsMachine
15YearsTogether
AppleWatch
brand
IFMVideo
ThoughtForTheDay
goals
flowers
ToughEnough
nyceats
Pokerface
movies
Engineering
NIIW
editorial
BlackVortex
TroyAve
roygbiv
fashion
WeAreTennis
healthyeats
BBHMM
zebur
EarthDayEveryDay
CSRchat
Joinme
wcw
darkchocolate
write
wce
NorthBergen
BlackGelBandits
seniorday
WCW
foodporn
models
redcarpet
EarthDay
onhere
UnpopularActionMovies
NettempsJobs
Accounting
NYCmissed
TheWalkingDead
CharlieEngman
San Fran Dave is way cooler than brandon
San Fran
vsphere
Clerical
quake
applewatch
mindfulness
PaloAlto
IoT
sqlserver
RSAC
VeteranJob
MachineLearning
hrtrends
GraphSearch
gigse15
meditation
SiliconValley
resilience
vmware
bayarea
lilmoon
Jobs
Hiring
Sacramento
BeatClubAmerica
bottledwater
mipueblojobs
Job
adoption
Starbucks
WrestleAMovie
TweetMyJobs
circulareconomy
definitiveyes
MLS4Montreal
coop
Diner
SaltedCaramelSquares
zerowaste
fostercare
klutchbeatholla
worker
SugarSelfie
IT
NotTooShabby
PowerOfWomen
bbl
bufferchat
Hospitality
Retail
lilmonkey
earthquake
SantaClara
SanJose
earthday
SanFrancisco
Nursing
keyword
SanMateo
nfl
fb
FluentConf
HRtechnology
SFO
MLSfansSupport4Montreal
jamiswinston
soFia
Vote4Waka
RealEstate
Yosemite
_id Dave is way cooler than brandon
Los Angeles Dave is way cooler than brandon
Los Angeles
BusinessMgmt
jonsnow
sleek
VeteranJob
NoPlaceLikeHome
scaredshitless
unique
Jobs
Reuse
Prop215
LKeysfitness
WindsorHills
Donation
bike
EarthDay2015
Jets
lambsBREATH
coffee
LosAngeles
swca2015
ColoriKitchen
Shades
NationalEarthDay
Bills
pier
PowerBrunchLA
Valencia
earthday
santamonicapier
baking
LRDS
HongKong
newUScitizen
Hiring
Patriots
RescueAnimals
Pharmaceutical
ABC7Eyewitness
iwasThere2
fish
design
familytravel
pielove
lambeculos
cosplay
cooking
foodies
cannabis
Job
hightimesmagazine
cosplayer
educateurselforasksumbody
humpday
pickupyobutts
unstoppable
Open2ideaz
princessleia
LanceKeys
WordsOfWisdom
Politicalgenocide
surfrider
followPatLA
IEcrowd
pasoarecordarte
Carlsbad
farmersmarkets
Yoga
RayBands
RedCross
WeWillNotBeShaken
indoors
KeepItPlayful
Hospitality
Recycle
KitHarrington
Excited
TMSRivieraNayarit
Transportation
Papa
jmshotyou
gradschoolproblems
teamwork
HappyEarthDay
Desert
Dolphins
ORGANIC
SB277
iheartoc
LUFC
economicprofiling
Retail
latergram
goldrushrally
car
Mexico
Engineering
Sponsor
outdoors
PeaceOnEarth
LAProblems
Granada
TweetMyJobs
makeadifference
GMOFREE
TranspoConvoLA
DeathValley
EarthDayEveryDay
PacificOcean
gamechanger
EARTHDAY
wcw
Irvine
starwarscelebration
NewportBeach
SWCVII
localfood
blackswan
transpoconvola
catalog
blood
KeepItCool
bluntwrappers
swca
EarthDay
walk4animals
SanDiego
frontporch
writingobstacles
Reduce
BigBullet
CALED2015
lifeadvice
Powerbodybuilding
doublefeature
Chicago Dave is way cooler than brandon
Chicago
DEQ
TweetMyJobs
iu
housemusicfamily
Montgomery
Plainfield
EarthDayEveryDay
interpreter
facingourfears
Evansson
Jobs
WcW
ProudCrowd
Cowspiracy
Job
mymedicine
chicagogirl
bilingual
Manufacturing
hpm
mygiftofgrace
Morris
Retail
EarthDay
deephouse
CustomerService
People
MI
housemusic
Hiring
Accounting
Naperville
New York Dave is way cooler than brandon
New York
NewYork
StarKat
NYC
Glutenmonster
incil
islam
TribecaFilmFestival
barrysbootcamp
Jobs
Industryfixx
yummo
healthyliving
Queens
Journaling
TFF2015
foodstand
lunch
therapy
day
cmo
AVJobs
KittyLord
yourrealestatematchmaker
Hiring
EartDay2015
AudreyRose
spring
allah
wwe
healthychoices
earth
linestoolong
wasteofmytime
treatyoself
TaxSeason
Job
FREEGS9
IndustryFixx
BabyEdges
awards
Rockleigh
tevrat
kuran
Elkslodge
becauseweneverhowlalone
Repost
Isles
Irresistible
Clerical
impactchampionshipwrestling
DrivingSales
appliances
njla15
ManvsMachine
15YearsTogether
AppleWatch
brand
IFMVideo
ThoughtForTheDay
goals
flowers
ToughEnough
nyceats
Pokerface
movies
Engineering
NIIW
editorial
BlackVortex
TroyAve
roygbiv
fashion
WeAreTennis
healthyeats
BBHMM
zebur
EarthDayEveryDay
CSRchat
Joinme
wcw
darkchocolate
write
wce
NorthBergen
BlackGelBandits
seniorday
WCW
foodporn
models
redcarpet
EarthDay
onhere
UnpopularActionMovies
NettempsJobs
Accounting
NYCmissed
TheWalkingDead
CharlieEngman
San Fran Dave is way cooler than brandon
San Fran
vsphere
Clerical
quake
applewatch
mindfulness
PaloAlto
IoT
sqlserver
RSAC
VeteranJob
MachineLearning
hrtrends
GraphSearch
gigse15
meditation
SiliconValley
resilience
vmware
bayarea
lilmoon
Jobs
Hiring
Sacramento
BeatClubAmerica
bottledwater
mipueblojobs
Job
adoption
Starbucks
WrestleAMovie
TweetMyJobs
circulareconomy
definitiveyes
MLS4Montreal
coop
Diner
SaltedCaramelSquares
zerowaste
fostercare
klutchbeatholla
worker
SugarSelfie
IT
NotTooShabby
PowerOfWomen
bbl
bufferchat
Hospitality
Retail
lilmonkey
earthquake
SantaClara
SanJose
earthday
SanFrancisco
Nursing
keyword
SanMateo
nfl
fb
FluentConf
HRtechnology
SFO
MLSfansSupport4Montreal
jamiswinston
soFia
Vote4Waka
RealEstate
Yosemite
_id Dave is way cooler than brandon
Los Angeles Dave is way cooler than brandon
Los Angeles
BusinessMgmt
jonsnow
sleek
VeteranJob
NoPlaceLikeHome
scaredshitless
unique
Jobs
Reuse
Prop215
LKeysfitness
WindsorHills
Donation
bike
EarthDay2015
Jets
lambsBREATH
coffee
LosAngeles
swca2015
ColoriKitchen
Shades
NationalEarthDay
Bills
pier
PowerBrunchLA
Valencia
earthday
santamonicapier
baking
LRDS
HongKong
newUScitizen
Hiring
Patriots
RescueAnimals
Pharmaceutical
ABC7Eyewitness
iwasThere2
fish
design
familytravel
pielove
lambeculos
cosplay
cooking
foodies
cannabis
Job
hightimesmagazine
cosplayer
educateurselforasksumbody
humpday
pickupyobutts
unstoppable
Open2ideaz
princessleia
LanceKeys
WordsOfWisdom
Politicalgenocide
surfrider
followPatLA
IEcrowd
pasoarecordarte
Carlsbad
farmersmarkets
Yoga
RayBands
RedCross
WeWillNotBeShaken
indoors
KeepItPlayful
Hospitality
Recycle
KitHarrington
Excited
TMSRivieraNayarit
Transportation
Papa
jmshotyou
gradschoolproblems
teamwork
HappyEarthDay
Desert
Dolphins
ORGANIC
SB277
iheartoc
LUFC
economicprofiling
Retail
latergram
goldrushrally
car
Mexico
Engineering
Sponsor
outdoors
PeaceOnEarth
LAProblems
Granada
TweetMyJobs
makeadifference
GMOFREE
TranspoConvoLA
DeathValley
EarthDayEveryDay
PacificOcean
gamechanger
EARTHDAY
wcw
Irvine
starwarscelebration
NewportBeach
SWCVII
localfood
blackswan
transpoconvola
catalog
blood
KeepItCool
bluntwrappers
swca
EarthDay
walk4animals
SanDiego
frontporch
writingobstacles
Reduce
BigBullet
CALED2015
lifeadvice
Powerbodybuilding
doublefeature
Chicago Dave is way cooler than brandon
Chicago
DEQ
TweetMyJobs
iu
housemusicfamily
Montgomery
Plainfield
EarthDayEveryDay
interpreter
facingourfears
Evansson
Jobs
WcW
ProudCrowd
Cowspiracy
Job
mymedicine
chicagogirl
bilingual
Manufacturing
hpm
mygiftofgrace
Morris
Retail
EarthDay
deephouse
CustomerService
People
MI
housemusic
Hiring
Accounting
Naperville
